[    2252ms] [WARNING] [Vue warn]: Failed to resolve component: a-button
If this is a native custom element, make sure to exclude it from component resolution via compilerOptions.isCustomElement. 
  at <DashboardPage onVnodeUnmounted=fn<onVnodeUnmounted> ref=Ref< undefined > key="/dashboard" > 
  at <KeepAlive key=0 exclude= [] include= [] > 
  at <BaseTransition mode="out-in" appear=true persisted=false  ... > 
  at <Transition key=1 name="fade-slide" appear=""  ... > 
  at <RouterView> 
  at <LayoutContent> 
  at <LayoutContent id="__vben_main_content" content-compact="wide" content-compact-width=1200  ... > 
  at <VbenLayout sidebar-extra-visible=false onUpdate:sidebarExtraVisible=fn content-compact="wide"  ... > 
  at <BasicLayout onClearPreferencesAndLogout=fn<handleLogout> > 
  at <Basic onVnodeUnmounted=fn<onVnodeUnmounted> ref=Ref< undefined > > 
  at <RouterView> 
  at <AApp> 
  at <Anonymous value= {hashed: true, components: Object, theme: Theme, token: Object} > 
  at <ALocaleProvider locale= {locale: zh-cn, Pagination: Object, DatePicker: Object, TimePicker: Object, Calendar: Object} ANT_MARK__="internalMark" > 
  at <LocaleReceiver children=fn<children> > 
  at <AConfigProvider locale= {locale: zh-cn, Pagination: Object, DatePicker: Object, TimePicker: Object, Calendar: Object} theme= {algorithm: Array(1), token: Proxy(Object)} > 
  at <App> @ http://localhost:5668/@vite/client:509
[   15989ms] [WARNING] [Socket] 已连接或正在连接中 @ http://localhost:5668/@vite/client:509
[   66422ms] [WARNING] [Vue warn]: Unhandled error during execution of render function 
  at <VcTable expandColumnWidth=undefined indentSize=15 expandIconColumnIndex=undefined  ... > 
  at <ASpin spinning=false > 
  at <InternalTable ref=Ref< undefined > prefixCls=undefined columns= [Object, Object, Object, Object, Object, Object, Object, Object]  ... > 
  at <ATable columns= [Object, Object, Object, Object, Object, Object, Object, Object] data-source= [] loading=false  ... > 
  at <ACard> 
  at <ACol span=24 xl=16 > 
  at <ARow gutter=16 > 
  at <Page title="图片转码" description="上传图片进行格式转换、压缩和尺寸调整" > 
  at <ImagePage onVnodeUnmounted=fn<onVnodeUnmounted> ref=Ref< null > key="/image" > 
  at <KeepAlive key=0 exclude= [] include= [] > 
  at <BaseTransition mode="out-in" appear=true persisted=false  ... > 
  at <Transition key=1 name="fade-slide" appear=""  ... > 
  at <RouterView> 
  at <LayoutContent> 
  at <LayoutContent id="__vben_main_content" content-compact="wide" content-compact-width=1200  ... > 
  at <VbenLayout sidebar-extra-visible=false onUpdate:sidebarExtraVisible=fn content-compact="wide"  ... > 
  at <BasicLayout onClearPreferencesAndLogout=fn<handleLogout> > 
  at <Basic onVnodeUnmounted=fn<onVnodeUnmounted> ref=Ref< Proxy(Object) > > 
  at <RouterView> 
  at <AApp> 
  at <Anonymous value= {hashed: true, components: Object, theme: Theme, token: Object} > 
  at <ALocaleProvider locale= {locale: zh-cn, Pagination: Object, DatePicker: Object, TimePicker: Object, Calendar: Object} ANT_MARK__="internalMark" > 
  at <LocaleReceiver children=fn<children> > 
  at <AConfigProvider locale= {locale: zh-cn, Pagination: Object, DatePicker: Object, TimePicker: Object, Calendar: Object} theme= {algorithm: Array(1), token: Proxy(Object)} > 
  at <App> @ http://localhost:5668/@vite/client:509
[   66424ms] [WARNING] [Vue warn]: Unhandled error during execution of scheduler flush 
  at <VcTable expandColumnWidth=undefined indentSize=15 expandIconColumnIndex=undefined  ... > 
  at <ASpin spinning=false > 
  at <InternalTable ref=Ref< undefined > prefixCls=undefined columns= [Object, Object, Object, Object, Object, Object, Object, Object]  ... > 
  at <ATable columns= [Object, Object, Object, Object, Object, Object, Object, Object] data-source= [] loading=false  ... > 
  at <ACard> 
  at <ACol span=24 xl=16 > 
  at <ARow gutter=16 > 
  at <Page title="图片转码" description="上传图片进行格式转换、压缩和尺寸调整" > 
  at <ImagePage onVnodeUnmounted=fn<onVnodeUnmounted> ref=Ref< null > key="/image" > 
  at <KeepAlive key=0 exclude= [] include= [] > 
  at <BaseTransition mode="out-in" appear=true persisted=false  ... > 
  at <Transition key=1 name="fade-slide" appear=""  ... > 
  at <RouterView> 
  at <LayoutContent> 
  at <LayoutContent id="__vben_main_content" content-compact="wide" content-compact-width=1200  ... > 
  at <VbenLayout sidebar-extra-visible=false onUpdate:sidebarExtraVisible=fn content-compact="wide"  ... > 
  at <BasicLayout onClearPreferencesAndLogout=fn<handleLogout> > 
  at <Basic onVnodeUnmounted=fn<onVnodeUnmounted> ref=Ref< Proxy(Object) > > 
  at <RouterView> 
  at <AApp> 
  at <Anonymous value= {hashed: true, components: Object, theme: Theme, token: Object} > 
  at <ALocaleProvider locale= {locale: zh-cn, Pagination: Object, DatePicker: Object, TimePicker: Object, Calendar: Object} ANT_MARK__="internalMark" > 
  at <LocaleReceiver children=fn<children> > 
  at <AConfigProvider locale= {locale: zh-cn, Pagination: Object, DatePicker: Object, TimePicker: Object, Calendar: Object} theme= {algorithm: Array(1), token: Proxy(Object)} > 
  at <App> @ http://localhost:5668/@vite/client:509
[   66462ms] TypeError: Cannot read properties of undefined (reading 'length')
    at warningFixed (http://localhost:5668/node_modules/.vite/deps/ant-design-vue.js?v=76f2f1bb:21591:37)
    at http://localhost:5668/node_modules/.vite/deps/ant-design-vue.js?v=76f2f1bb:21685:4
[   66464ms] ReferenceError: h is not defined
    at title (http://localhost:5668/src/views/image/index.vue?t=1774020237181:330:18)
    at renderColumnTitle (http://localhost:5668/node_modules/.vite/deps/ant-design-vue.js?v=76f2f1bb:23225:42)
    at http://localhost:5668/node_modules/.vite/deps/ant-design-vue.js?v=76f2f1bb:24576:23
    at Array.map (<anonymous>)
    at fillTitle (http://localhost:5668/node_modules/.vite/deps/ant-design-vue.js?v=76f2f1bb:24574:17)
    at filledColumns (http://localhost:5668/node_modules/.vite/deps/ant-design-vue.js?v=76f2f1bb:24582:37)
    at ComputedRefImpl.transformColumns [as _value] (http://localhost:5668/node_modules/.vite/deps/ant-design-vue.js?v=76f2f1bb:25678:11)
    at ComputedRefImpl.fn (http://localhost:5668/node_modules/.vite/deps/ant-design-vue.js?v=76f2f1bb:21675:63)
    at refreshComputed (http://localhost:5668/node_modules/.vite/deps/runtime-dom.esm-bundler-BzyUT97G.js?v=76f2f1bb:104:26)
    at get value (http://localhost:5668/node_modules/.vite/deps/runtime-dom.esm-bundler-BzyUT97G.js?v=76f2f1bb:1445:4)
    at ComputedRefImpl.fn (http://localhost:5668/node_modules/.vite/deps/ant-design-vue.js?v=76f2f1bb:21681:36)
    at refreshComputed (http://localhost:5668/node_modules/.vite/deps/runtime-dom.esm-bundler-BzyUT97G.js?v=76f2f1bb:104:26)
    at get value (http://localhost:5668/node_modules/.vite/deps/runtime-dom.esm-bundler-BzyUT97G.js?v=76f2f1bb:1445:4)
    at ComputedRefImpl.fn (http://localhost:5668/node_modules/.vite/deps/ant-design-vue.js?v=76f2f1bb:22351:64)
    at refreshComputed (http://localhost:5668/node_modules/.vite/deps/runtime-dom.esm-bundler-BzyUT97G.js?v=76f2f1bb:104:26)
    at get value (http://localhost:5668/node_modules/.vite/deps/runtime-dom.esm-bundler-BzyUT97G.js?v=76f2f1bb:1445:4)
    at ComputedRefImpl.fn (http://localhost:5668/node_modules/.vite/deps/ant-design-vue.js?v=76f2f1bb:22352:45)
    at refreshComputed (http://localhost:5668/node_modules/.vite/deps/runtime-dom.esm-bundler-BzyUT97G.js?v=76f2f1bb:104:26)
    at get value (http://localhost:5668/node_modules/.vite/deps/runtime-dom.esm-bundler-BzyUT97G.js?v=76f2f1bb:1445:4)
    at Proxy.<anonymous> (http://localhost:5668/node_modules/.vite/deps/ant-design-vue.js?v=76f2f1bb:22552:26)
[   66467ms] ReferenceError: h is not defined
    at title (http://localhost:5668/src/views/image/index.vue?t=1774020237181:330:18)
    at renderColumnTitle (http://localhost:5668/node_modules/.vite/deps/ant-design-vue.js?v=76f2f1bb:23225:42)
    at http://localhost:5668/node_modules/.vite/deps/ant-design-vue.js?v=76f2f1bb:24576:23
    at Array.map (<anonymous>)
    at fillTitle (http://localhost:5668/node_modules/.vite/deps/ant-design-vue.js?v=76f2f1bb:24574:17)
    at filledColumns (http://localhost:5668/node_modules/.vite/deps/ant-design-vue.js?v=76f2f1bb:24582:37)
    at ComputedRefImpl.transformColumns [as _value] (http://localhost:5668/node_modules/.vite/deps/ant-design-vue.js?v=76f2f1bb:25678:11)
    at ComputedRefImpl.fn (http://localhost:5668/node_modules/.vite/deps/ant-design-vue.js?v=76f2f1bb:21675:63)
    at refreshComputed (http://localhost:5668/node_modules/.vite/deps/runtime-dom.esm-bundler-BzyUT97G.js?v=76f2f1bb:104:26)
    at get value (http://localhost:5668/node_modules/.vite/deps/runtime-dom.esm-bundler-BzyUT97G.js?v=76f2f1bb:1445:4)
    at ComputedRefImpl.fn (http://localhost:5668/node_modules/.vite/deps/ant-design-vue.js?v=76f2f1bb:21681:36)
    at refreshComputed (http://localhost:5668/node_modules/.vite/deps/runtime-dom.esm-bundler-BzyUT97G.js?v=76f2f1bb:104:26)
    at get value (http://localhost:5668/node_modules/.vite/deps/runtime-dom.esm-bundler-BzyUT97G.js?v=76f2f1bb:1445:4)
    at ComputedRefImpl.fn (http://localhost:5668/node_modules/.vite/deps/ant-design-vue.js?v=76f2f1bb:22351:64)
    at refreshComputed (http://localhost:5668/node_modules/.vite/deps/runtime-dom.esm-bundler-BzyUT97G.js?v=76f2f1bb:104:26)
    at get value (http://localhost:5668/node_modules/.vite/deps/runtime-dom.esm-bundler-BzyUT97G.js?v=76f2f1bb:1445:4)
    at ComputedRefImpl.fn (http://localhost:5668/node_modules/.vite/deps/ant-design-vue.js?v=76f2f1bb:22352:45)
    at refreshComputed (http://localhost:5668/node_modules/.vite/deps/runtime-dom.esm-bundler-BzyUT97G.js?v=76f2f1bb:104:26)
    at get value (http://localhost:5668/node_modules/.vite/deps/runtime-dom.esm-bundler-BzyUT97G.js?v=76f2f1bb:1445:4)
    at Proxy.<anonymous> (http://localhost:5668/node_modules/.vite/deps/ant-design-vue.js?v=76f2f1bb:22552:26)
[   66473ms] ReferenceError: h is not defined
    at title (http://localhost:5668/src/views/image/index.vue?t=1774020237181:330:18)
    at renderColumnTitle (http://localhost:5668/node_modules/.vite/deps/ant-design-vue.js?v=76f2f1bb:23225:42)
    at http://localhost:5668/node_modules/.vite/deps/ant-design-vue.js?v=76f2f1bb:24576:23
    at Array.map (<anonymous>)
    at fillTitle (http://localhost:5668/node_modules/.vite/deps/ant-design-vue.js?v=76f2f1bb:24574:17)
    at filledColumns (http://localhost:5668/node_modules/.vite/deps/ant-design-vue.js?v=76f2f1bb:24582:37)
    at ComputedRefImpl.transformColumns [as _value] (http://localhost:5668/node_modules/.vite/deps/ant-design-vue.js?v=76f2f1bb:25678:11)
    at ComputedRefImpl.fn (http://localhost:5668/node_modules/.vite/deps/ant-design-vue.js?v=76f2f1bb:21675:63)
    at refreshComputed (http://localhost:5668/node_modules/.vite/deps/runtime-dom.esm-bundler-BzyUT97G.js?v=76f2f1bb:104:26)
    at get value (http://localhost:5668/node_modules/.vite/deps/runtime-dom.esm-bundler-BzyUT97G.js?v=76f2f1bb:1445:4)
    at ComputedRefImpl.fn (http://localhost:5668/node_modules/.vite/deps/ant-design-vue.js?v=76f2f1bb:21681:36)
    at refreshComputed (http://localhost:5668/node_modules/.vite/deps/runtime-dom.esm-bundler-BzyUT97G.js?v=76f2f1bb:104:26)
    at get value (http://localhost:5668/node_modules/.vite/deps/runtime-dom.esm-bundler-BzyUT97G.js?v=76f2f1bb:1445:4)
    at ComputedRefImpl.fn (http://localhost:5668/node_modules/.vite/deps/ant-design-vue.js?v=76f2f1bb:22351:64)
    at refreshComputed (http://localhost:5668/node_modules/.vite/deps/runtime-dom.esm-bundler-BzyUT97G.js?v=76f2f1bb:104:26)
    at get value (http://localhost:5668/node_modules/.vite/deps/runtime-dom.esm-bundler-BzyUT97G.js?v=76f2f1bb:1445:4)
    at ComputedRefImpl.fn (http://localhost:5668/node_modules/.vite/deps/ant-design-vue.js?v=76f2f1bb:22352:45)
    at refreshComputed (http://localhost:5668/node_modules/.vite/deps/runtime-dom.esm-bundler-BzyUT97G.js?v=76f2f1bb:104:26)
    at get value (http://localhost:5668/node_modules/.vite/deps/runtime-dom.esm-bundler-BzyUT97G.js?v=76f2f1bb:1445:4)
    at Proxy.<anonymous> (http://localhost:5668/node_modules/.vite/deps/ant-design-vue.js?v=76f2f1bb:22552:26)
[   66475ms] ReferenceError: h is not defined
    at title (http://localhost:5668/src/views/image/index.vue?t=1774020237181:330:18)
    at renderColumnTitle (http://localhost:5668/node_modules/.vite/deps/ant-design-vue.js?v=76f2f1bb:23225:42)
    at http://localhost:5668/node_modules/.vite/deps/ant-design-vue.js?v=76f2f1bb:24576:23
    at Array.map (<anonymous>)
    at fillTitle (http://localhost:5668/node_modules/.vite/deps/ant-design-vue.js?v=76f2f1bb:24574:17)
    at filledColumns (http://localhost:5668/node_modules/.vite/deps/ant-design-vue.js?v=76f2f1bb:24582:37)
    at ComputedRefImpl.transformColumns [as _value] (http://localhost:5668/node_modules/.vite/deps/ant-design-vue.js?v=76f2f1bb:25678:11)
    at ComputedRefImpl.fn (http://localhost:5668/node_modules/.vite/deps/ant-design-vue.js?v=76f2f1bb:21675:63)
    at refreshComputed (http://localhost:5668/node_modules/.vite/deps/runtime-dom.esm-bundler-BzyUT97G.js?v=76f2f1bb:104:26)
    at get value (http://localhost:5668/node_modules/.vite/deps/runtime-dom.esm-bundler-BzyUT97G.js?v=76f2f1bb:1445:4)
    at ComputedRefImpl.fn (http://localhost:5668/node_modules/.vite/deps/ant-design-vue.js?v=76f2f1bb:21681:36)
    at refreshComputed (http://localhost:5668/node_modules/.vite/deps/runtime-dom.esm-bundler-BzyUT97G.js?v=76f2f1bb:104:26)
    at get value (http://localhost:5668/node_modules/.vite/deps/runtime-dom.esm-bundler-BzyUT97G.js?v=76f2f1bb:1445:4)
    at ComputedRefImpl.fn (http://localhost:5668/node_modules/.vite/deps/ant-design-vue.js?v=76f2f1bb:22351:64)
    at refreshComputed (http://localhost:5668/node_modules/.vite/deps/runtime-dom.esm-bundler-BzyUT97G.js?v=76f2f1bb:104:26)
    at get value (http://localhost:5668/node_modules/.vite/deps/runtime-dom.esm-bundler-BzyUT97G.js?v=76f2f1bb:1445:4)
    at ComputedRefImpl.fn (http://localhost:5668/node_modules/.vite/deps/ant-design-vue.js?v=76f2f1bb:22352:45)
    at refreshComputed (http://localhost:5668/node_modules/.vite/deps/runtime-dom.esm-bundler-BzyUT97G.js?v=76f2f1bb:104:26)
    at get value (http://localhost:5668/node_modules/.vite/deps/runtime-dom.esm-bundler-BzyUT97G.js?v=76f2f1bb:1445:4)
    at Proxy.<anonymous> (http://localhost:5668/node_modules/.vite/deps/ant-design-vue.js?v=76f2f1bb:22552:26)
[   66477ms] ReferenceError: h is not defined
    at title (http://localhost:5668/src/views/image/index.vue?t=1774020237181:330:18)
    at renderColumnTitle (http://localhost:5668/node_modules/.vite/deps/ant-design-vue.js?v=76f2f1bb:23225:42)
    at http://localhost:5668/node_modules/.vite/deps/ant-design-vue.js?v=76f2f1bb:24576:23
    at Array.map (<anonymous>)
    at fillTitle (http://localhost:5668/node_modules/.vite/deps/ant-design-vue.js?v=76f2f1bb:24574:17)
    at filledColumns (http://localhost:5668/node_modules/.vite/deps/ant-design-vue.js?v=76f2f1bb:24582:37)
    at ComputedRefImpl.transformColumns [as _value] (http://localhost:5668/node_modules/.vite/deps/ant-design-vue.js?v=76f2f1bb:25678:11)
    at ComputedRefImpl.fn (http://localhost:5668/node_modules/.vite/deps/ant-design-vue.js?v=76f2f1bb:21675:63)
    at refreshComputed (http://localhost:5668/node_modules/.vite/deps/runtime-dom.esm-bundler-BzyUT97G.js?v=76f2f1bb:104:26)
    at get value (http://localhost:5668/node_modules/.vite/deps/runtime-dom.esm-bundler-BzyUT97G.js?v=76f2f1bb:1445:4)
    at ComputedRefImpl.fn (http://localhost:5668/node_modules/.vite/deps/ant-design-vue.js?v=76f2f1bb:21681:36)
    at refreshComputed (http://localhost:5668/node_modules/.vite/deps/runtime-dom.esm-bundler-BzyUT97G.js?v=76f2f1bb:104:26)
    at get value (http://localhost:5668/node_modules/.vite/deps/runtime-dom.esm-bundler-BzyUT97G.js?v=76f2f1bb:1445:4)
    at ComputedRefImpl.fn (http://localhost:5668/node_modules/.vite/deps/ant-design-vue.js?v=76f2f1bb:22351:64)
    at refreshComputed (http://localhost:5668/node_modules/.vite/deps/runtime-dom.esm-bundler-BzyUT97G.js?v=76f2f1bb:104:26)
    at get value (http://localhost:5668/node_modules/.vite/deps/runtime-dom.esm-bundler-BzyUT97G.js?v=76f2f1bb:1445:4)
    at ComputedRefImpl.fn (http://localhost:5668/node_modules/.vite/deps/ant-design-vue.js?v=76f2f1bb:22352:45)
    at refreshComputed (http://localhost:5668/node_modules/.vite/deps/runtime-dom.esm-bundler-BzyUT97G.js?v=76f2f1bb:104:26)
    at get value (http://localhost:5668/node_modules/.vite/deps/runtime-dom.esm-bundler-BzyUT97G.js?v=76f2f1bb:1445:4)
    at Proxy.<anonymous> (http://localhost:5668/node_modules/.vite/deps/ant-design-vue.js?v=76f2f1bb:22552:26)
[   66479ms] ReferenceError: h is not defined
    at title (http://localhost:5668/src/views/image/index.vue?t=1774020237181:330:18)
    at renderColumnTitle (http://localhost:5668/node_modules/.vite/deps/ant-design-vue.js?v=76f2f1bb:23225:42)
    at http://localhost:5668/node_modules/.vite/deps/ant-design-vue.js?v=76f2f1bb:24576:23
    at Array.map (<anonymous>)
    at fillTitle (http://localhost:5668/node_modules/.vite/deps/ant-design-vue.js?v=76f2f1bb:24574:17)
    at filledColumns (http://localhost:5668/node_modules/.vite/deps/ant-design-vue.js?v=76f2f1bb:24582:37)
    at ComputedRefImpl.transformColumns [as _value] (http://localhost:5668/node_modules/.vite/deps/ant-design-vue.js?v=76f2f1bb:25678:11)
    at ComputedRefImpl.fn (http://localhost:5668/node_modules/.vite/deps/ant-design-vue.js?v=76f2f1bb:21675:63)
    at refreshComputed (http://localhost:5668/node_modules/.vite/deps/runtime-dom.esm-bundler-BzyUT97G.js?v=76f2f1bb:104:26)
    at get value (http://localhost:5668/node_modules/.vite/deps/runtime-dom.esm-bundler-BzyUT97G.js?v=76f2f1bb:1445:4)
    at ComputedRefImpl.fn (http://localhost:5668/node_modules/.vite/deps/ant-design-vue.js?v=76f2f1bb:21681:36)
    at refreshComputed (http://localhost:5668/node_modules/.vite/deps/runtime-dom.esm-bundler-BzyUT97G.js?v=76f2f1bb:104:26)
    at get value (http://localhost:5668/node_modules/.vite/deps/runtime-dom.esm-bundler-BzyUT97G.js?v=76f2f1bb:1445:4)
    at ComputedRefImpl.fn (http://localhost:5668/node_modules/.vite/deps/ant-design-vue.js?v=76f2f1bb:22351:64)
    at refreshComputed (http://localhost:5668/node_modules/.vite/deps/runtime-dom.esm-bundler-BzyUT97G.js?v=76f2f1bb:104:26)
    at get value (http://localhost:5668/node_modules/.vite/deps/runtime-dom.esm-bundler-BzyUT97G.js?v=76f2f1bb:1445:4)
    at ComputedRefImpl.fn (http://localhost:5668/node_modules/.vite/deps/ant-design-vue.js?v=76f2f1bb:22352:45)
    at refreshComputed (http://localhost:5668/node_modules/.vite/deps/runtime-dom.esm-bundler-BzyUT97G.js?v=76f2f1bb:104:26)
    at get value (http://localhost:5668/node_modules/.vite/deps/runtime-dom.esm-bundler-BzyUT97G.js?v=76f2f1bb:1445:4)
    at Proxy.<anonymous> (http://localhost:5668/node_modules/.vite/deps/ant-design-vue.js?v=76f2f1bb:22552:26)
[   66481ms] ReferenceError: h is not defined
    at title (http://localhost:5668/src/views/image/index.vue?t=1774020237181:330:18)
    at renderColumnTitle (http://localhost:5668/node_modules/.vite/deps/ant-design-vue.js?v=76f2f1bb:23225:42)
    at http://localhost:5668/node_modules/.vite/deps/ant-design-vue.js?v=76f2f1bb:24576:23
    at Array.map (<anonymous>)
    at fillTitle (http://localhost:5668/node_modules/.vite/deps/ant-design-vue.js?v=76f2f1bb:24574:17)
    at filledColumns (http://localhost:5668/node_modules/.vite/deps/ant-design-vue.js?v=76f2f1bb:24582:37)
    at ComputedRefImpl.transformColumns [as _value] (http://localhost:5668/node_modules/.vite/deps/ant-design-vue.js?v=76f2f1bb:25678:11)
    at ComputedRefImpl.fn (http://localhost:5668/node_modules/.vite/deps/ant-design-vue.js?v=76f2f1bb:21675:63)
    at refreshComputed (http://localhost:5668/node_modules/.vite/deps/runtime-dom.esm-bundler-BzyUT97G.js?v=76f2f1bb:104:26)
    at get value (http://localhost:5668/node_modules/.vite/deps/runtime-dom.esm-bundler-BzyUT97G.js?v=76f2f1bb:1445:4)
    at ComputedRefImpl.fn (http://localhost:5668/node_modules/.vite/deps/ant-design-vue.js?v=76f2f1bb:21681:36)
    at refreshComputed (http://localhost:5668/node_modules/.vite/deps/runtime-dom.esm-bundler-BzyUT97G.js?v=76f2f1bb:104:26)
    at get value (http://localhost:5668/node_modules/.vite/deps/runtime-dom.esm-bundler-BzyUT97G.js?v=76f2f1bb:1445:4)
    at ComputedRefImpl.fn (http://localhost:5668/node_modules/.vite/deps/ant-design-vue.js?v=76f2f1bb:22351:64)
    at refreshComputed (http://localhost:5668/node_modules/.vite/deps/runtime-dom.esm-bundler-BzyUT97G.js?v=76f2f1bb:104:26)
    at get value (http://localhost:5668/node_modules/.vite/deps/runtime-dom.esm-bundler-BzyUT97G.js?v=76f2f1bb:1445:4)
    at ComputedRefImpl.fn (http://localhost:5668/node_modules/.vite/deps/ant-design-vue.js?v=76f2f1bb:22352:45)
    at refreshComputed (http://localhost:5668/node_modules/.vite/deps/runtime-dom.esm-bundler-BzyUT97G.js?v=76f2f1bb:104:26)
    at get value (http://localhost:5668/node_modules/.vite/deps/runtime-dom.esm-bundler-BzyUT97G.js?v=76f2f1bb:1445:4)
    at Proxy.<anonymous> (http://localhost:5668/node_modules/.vite/deps/ant-design-vue.js?v=76f2f1bb:22552:26)
[   66483ms] ReferenceError: h is not defined
    at title (http://localhost:5668/src/views/image/index.vue?t=1774020237181:330:18)
    at renderColumnTitle (http://localhost:5668/node_modules/.vite/deps/ant-design-vue.js?v=76f2f1bb:23225:42)
    at http://localhost:5668/node_modules/.vite/deps/ant-design-vue.js?v=76f2f1bb:24576:23
    at Array.map (<anonymous>)
    at fillTitle (http://localhost:5668/node_modules/.vite/deps/ant-design-vue.js?v=76f2f1bb:24574:17)
    at filledColumns (http://localhost:5668/node_modules/.vite/deps/ant-design-vue.js?v=76f2f1bb:24582:37)
    at ComputedRefImpl.transformColumns [as _value] (http://localhost:5668/node_modules/.vite/deps/ant-design-vue.js?v=76f2f1bb:25678:11)
    at ComputedRefImpl.fn (http://localhost:5668/node_modules/.vite/deps/ant-design-vue.js?v=76f2f1bb:21675:63)
    at refreshComputed (http://localhost:5668/node_modules/.vite/deps/runtime-dom.esm-bundler-BzyUT97G.js?v=76f2f1bb:104:26)
    at get value (http://localhost:5668/node_modules/.vite/deps/runtime-dom.esm-bundler-BzyUT97G.js?v=76f2f1bb:1445:4)
    at ComputedRefImpl.fn (http://localhost:5668/node_modules/.vite/deps/ant-design-vue.js?v=76f2f1bb:21681:36)
    at refreshComputed (http://localhost:5668/node_modules/.vite/deps/runtime-dom.esm-bundler-BzyUT97G.js?v=76f2f1bb:104:26)
    at get value (http://localhost:5668/node_modules/.vite/deps/runtime-dom.esm-bundler-BzyUT97G.js?v=76f2f1bb:1445:4)
    at ComputedRefImpl.fn (http://localhost:5668/node_modules/.vite/deps/ant-design-vue.js?v=76f2f1bb:22351:64)
    at refreshComputed (http://localhost:5668/node_modules/.vite/deps/runtime-dom.esm-bundler-BzyUT97G.js?v=76f2f1bb:104:26)
    at get value (http://localhost:5668/node_modules/.vite/deps/runtime-dom.esm-bundler-BzyUT97G.js?v=76f2f1bb:1445:4)
    at ComputedRefImpl.fn (http://localhost:5668/node_modules/.vite/deps/ant-design-vue.js?v=76f2f1bb:22352:45)
    at refreshComputed (http://localhost:5668/node_modules/.vite/deps/runtime-dom.esm-bundler-BzyUT97G.js?v=76f2f1bb:104:26)
    at get value (http://localhost:5668/node_modules/.vite/deps/runtime-dom.esm-bundler-BzyUT97G.js?v=76f2f1bb:1445:4)
    at Proxy.<anonymous> (http://localhost:5668/node_modules/.vite/deps/ant-design-vue.js?v=76f2f1bb:22552:26)
[   66486ms] ReferenceError: h is not defined
    at title (http://localhost:5668/src/views/image/index.vue?t=1774020237181:330:18)
    at renderColumnTitle (http://localhost:5668/node_modules/.vite/deps/ant-design-vue.js?v=76f2f1bb:23225:42)
    at http://localhost:5668/node_modules/.vite/deps/ant-design-vue.js?v=76f2f1bb:24576:23
    at Array.map (<anonymous>)
    at fillTitle (http://localhost:5668/node_modules/.vite/deps/ant-design-vue.js?v=76f2f1bb:24574:17)
    at filledColumns (http://localhost:5668/node_modules/.vite/deps/ant-design-vue.js?v=76f2f1bb:24582:37)
    at ComputedRefImpl.transformColumns [as _value] (http://localhost:5668/node_modules/.vite/deps/ant-design-vue.js?v=76f2f1bb:25678:11)
    at ComputedRefImpl.fn (http://localhost:5668/node_modules/.vite/deps/ant-design-vue.js?v=76f2f1bb:21675:63)
    at refreshComputed (http://localhost:5668/node_modules/.vite/deps/runtime-dom.esm-bundler-BzyUT97G.js?v=76f2f1bb:104:26)
    at get value (http://localhost:5668/node_modules/.vite/deps/runtime-dom.esm-bundler-BzyUT97G.js?v=76f2f1bb:1445:4)
    at ComputedRefImpl.fn (http://localhost:5668/node_modules/.vite/deps/ant-design-vue.js?v=76f2f1bb:21681:36)
    at refreshComputed (http://localhost:5668/node_modules/.vite/deps/runtime-dom.esm-bundler-BzyUT97G.js?v=76f2f1bb:104:26)
    at get value (http://localhost:5668/node_modules/.vite/deps/runtime-dom.esm-bundler-BzyUT97G.js?v=76f2f1bb:1445:4)
    at ComputedRefImpl.fn (http://localhost:5668/node_modules/.vite/deps/ant-design-vue.js?v=76f2f1bb:22351:64)
    at refreshComputed (http://localhost:5668/node_modules/.vite/deps/runtime-dom.esm-bundler-BzyUT97G.js?v=76f2f1bb:104:26)
    at get value (http://localhost:5668/node_modules/.vite/deps/runtime-dom.esm-bundler-BzyUT97G.js?v=76f2f1bb:1445:4)
    at ComputedRefImpl.fn (http://localhost:5668/node_modules/.vite/deps/ant-design-vue.js?v=76f2f1bb:22352:45)
    at refreshComputed (http://localhost:5668/node_modules/.vite/deps/runtime-dom.esm-bundler-BzyUT97G.js?v=76f2f1bb:104:26)
    at get value (http://localhost:5668/node_modules/.vite/deps/runtime-dom.esm-bundler-BzyUT97G.js?v=76f2f1bb:1445:4)
    at Proxy.<anonymous> (http://localhost:5668/node_modules/.vite/deps/ant-design-vue.js?v=76f2f1bb:22552:26)
[   66487ms] ReferenceError: h is not defined
    at title (http://localhost:5668/src/views/image/index.vue?t=1774020237181:330:18)
    at renderColumnTitle (http://localhost:5668/node_modules/.vite/deps/ant-design-vue.js?v=76f2f1bb:23225:42)
    at http://localhost:5668/node_modules/.vite/deps/ant-design-vue.js?v=76f2f1bb:24576:23
    at Array.map (<anonymous>)
    at fillTitle (http://localhost:5668/node_modules/.vite/deps/ant-design-vue.js?v=76f2f1bb:24574:17)
    at filledColumns (http://localhost:5668/node_modules/.vite/deps/ant-design-vue.js?v=76f2f1bb:24582:37)
    at ComputedRefImpl.transformColumns [as _value] (http://localhost:5668/node_modules/.vite/deps/ant-design-vue.js?v=76f2f1bb:25678:11)
    at ComputedRefImpl.fn (http://localhost:5668/node_modules/.vite/deps/ant-design-vue.js?v=76f2f1bb:21675:63)
    at refreshComputed (http://localhost:5668/node_modules/.vite/deps/runtime-dom.esm-bundler-BzyUT97G.js?v=76f2f1bb:104:26)
    at get value (http://localhost:5668/node_modules/.vite/deps/runtime-dom.esm-bundler-BzyUT97G.js?v=76f2f1bb:1445:4)
    at ComputedRefImpl.fn (http://localhost:5668/node_modules/.vite/deps/ant-design-vue.js?v=76f2f1bb:21681:36)
    at refreshComputed (http://localhost:5668/node_modules/.vite/deps/runtime-dom.esm-bundler-BzyUT97G.js?v=76f2f1bb:104:26)
    at get value (http://localhost:5668/node_modules/.vite/deps/runtime-dom.esm-bundler-BzyUT97G.js?v=76f2f1bb:1445:4)
    at ComputedRefImpl.fn (http://localhost:5668/node_modules/.vite/deps/ant-design-vue.js?v=76f2f1bb:22351:64)
    at refreshComputed (http://localhost:5668/node_modules/.vite/deps/runtime-dom.esm-bundler-BzyUT97G.js?v=76f2f1bb:104:26)
    at get value (http://localhost:5668/node_modules/.vite/deps/runtime-dom.esm-bundler-BzyUT97G.js?v=76f2f1bb:1445:4)
    at ComputedRefImpl.fn (http://localhost:5668/node_modules/.vite/deps/ant-design-vue.js?v=76f2f1bb:22352:45)
    at refreshComputed (http://localhost:5668/node_modules/.vite/deps/runtime-dom.esm-bundler-BzyUT97G.js?v=76f2f1bb:104:26)
    at get value (http://localhost:5668/node_modules/.vite/deps/runtime-dom.esm-bundler-BzyUT97G.js?v=76f2f1bb:1445:4)
    at Proxy.<anonymous> (http://localhost:5668/node_modules/.vite/deps/ant-design-vue.js?v=76f2f1bb:22552:26)
[   66491ms] ReferenceError: h is not defined
    at title (http://localhost:5668/src/views/image/index.vue?t=1774020237181:330:18)
    at renderColumnTitle (http://localhost:5668/node_modules/.vite/deps/ant-design-vue.js?v=76f2f1bb:23225:42)
    at http://localhost:5668/node_modules/.vite/deps/ant-design-vue.js?v=76f2f1bb:24576:23
    at Array.map (<anonymous>)
    at fillTitle (http://localhost:5668/node_modules/.vite/deps/ant-design-vue.js?v=76f2f1bb:24574:17)
    at filledColumns (http://localhost:5668/node_modules/.vite/deps/ant-design-vue.js?v=76f2f1bb:24582:37)
    at ComputedRefImpl.transformColumns [as _value] (http://localhost:5668/node_modules/.vite/deps/ant-design-vue.js?v=76f2f1bb:25678:11)
    at ComputedRefImpl.fn (http://localhost:5668/node_modules/.vite/deps/ant-design-vue.js?v=76f2f1bb:21675:63)
    at refreshComputed (http://localhost:5668/node_modules/.vite/deps/runtime-dom.esm-bundler-BzyUT97G.js?v=76f2f1bb:104:26)
    at get value (http://localhost:5668/node_modules/.vite/deps/runtime-dom.esm-bundler-BzyUT97G.js?v=76f2f1bb:1445:4)
    at ComputedRefImpl.fn (http://localhost:5668/node_modules/.vite/deps/ant-design-vue.js?v=76f2f1bb:21681:36)
    at refreshComputed (http://localhost:5668/node_modules/.vite/deps/runtime-dom.esm-bundler-BzyUT97G.js?v=76f2f1bb:104:26)
    at get value (http://localhost:5668/node_modules/.vite/deps/runtime-dom.esm-bundler-BzyUT97G.js?v=76f2f1bb:1445:4)
    at ComputedRefImpl.fn (http://localhost:5668/node_modules/.vite/deps/ant-design-vue.js?v=76f2f1bb:22351:64)
    at refreshComputed (http://localhost:5668/node_modules/.vite/deps/runtime-dom.esm-bundler-BzyUT97G.js?v=76f2f1bb:104:26)
    at get value (http://localhost:5668/node_modules/.vite/deps/runtime-dom.esm-bundler-BzyUT97G.js?v=76f2f1bb:1445:4)
    at ComputedRefImpl.fn (http://localhost:5668/node_modules/.vite/deps/ant-design-vue.js?v=76f2f1bb:22352:45)
    at refreshComputed (http://localhost:5668/node_modules/.vite/deps/runtime-dom.esm-bundler-BzyUT97G.js?v=76f2f1bb:104:26)
    at get value (http://localhost:5668/node_modules/.vite/deps/runtime-dom.esm-bundler-BzyUT97G.js?v=76f2f1bb:1445:4)
    at Proxy.<anonymous> (http://localhost:5668/node_modules/.vite/deps/ant-design-vue.js?v=76f2f1bb:22552:26)
[   66492ms] ReferenceError: h is not defined
    at title (http://localhost:5668/src/views/image/index.vue?t=1774020237181:330:18)
    at renderColumnTitle (http://localhost:5668/node_modules/.vite/deps/ant-design-vue.js?v=76f2f1bb:23225:42)
    at http://localhost:5668/node_modules/.vite/deps/ant-design-vue.js?v=76f2f1bb:24576:23
    at Array.map (<anonymous>)
    at fillTitle (http://localhost:5668/node_modules/.vite/deps/ant-design-vue.js?v=76f2f1bb:24574:17)
    at filledColumns (http://localhost:5668/node_modules/.vite/deps/ant-design-vue.js?v=76f2f1bb:24582:37)
    at ComputedRefImpl.transformColumns [as _value] (http://localhost:5668/node_modules/.vite/deps/ant-design-vue.js?v=76f2f1bb:25678:11)
    at ComputedRefImpl.fn (http://localhost:5668/node_modules/.vite/deps/ant-design-vue.js?v=76f2f1bb:21675:63)
    at refreshComputed (http://localhost:5668/node_modules/.vite/deps/runtime-dom.esm-bundler-BzyUT97G.js?v=76f2f1bb:104:26)
    at get value (http://localhost:5668/node_modules/.vite/deps/runtime-dom.esm-bundler-BzyUT97G.js?v=76f2f1bb:1445:4)
    at ComputedRefImpl.fn (http://localhost:5668/node_modules/.vite/deps/ant-design-vue.js?v=76f2f1bb:21681:36)
    at refreshComputed (http://localhost:5668/node_modules/.vite/deps/runtime-dom.esm-bundler-BzyUT97G.js?v=76f2f1bb:104:26)
    at get value (http://localhost:5668/node_modules/.vite/deps/runtime-dom.esm-bundler-BzyUT97G.js?v=76f2f1bb:1445:4)
    at ComputedRefImpl.fn (http://localhost:5668/node_modules/.vite/deps/ant-design-vue.js?v=76f2f1bb:22351:64)
    at refreshComputed (http://localhost:5668/node_modules/.vite/deps/runtime-dom.esm-bundler-BzyUT97G.js?v=76f2f1bb:104:26)
    at get value (http://localhost:5668/node_modules/.vite/deps/runtime-dom.esm-bundler-BzyUT97G.js?v=76f2f1bb:1445:4)
    at ComputedRefImpl.fn (http://localhost:5668/node_modules/.vite/deps/ant-design-vue.js?v=76f2f1bb:22352:45)
    at refreshComputed (http://localhost:5668/node_modules/.vite/deps/runtime-dom.esm-bundler-BzyUT97G.js?v=76f2f1bb:104:26)
    at get value (http://localhost:5668/node_modules/.vite/deps/runtime-dom.esm-bundler-BzyUT97G.js?v=76f2f1bb:1445:4)
    at Proxy.<anonymous> (http://localhost:5668/node_modules/.vite/deps/ant-design-vue.js?v=76f2f1bb:22552:26)
[   66493ms] ReferenceError: h is not defined
    at title (http://localhost:5668/src/views/image/index.vue?t=1774020237181:330:18)
    at renderColumnTitle (http://localhost:5668/node_modules/.vite/deps/ant-design-vue.js?v=76f2f1bb:23225:42)
    at http://localhost:5668/node_modules/.vite/deps/ant-design-vue.js?v=76f2f1bb:24576:23
    at Array.map (<anonymous>)
    at fillTitle (http://localhost:5668/node_modules/.vite/deps/ant-design-vue.js?v=76f2f1bb:24574:17)
    at filledColumns (http://localhost:5668/node_modules/.vite/deps/ant-design-vue.js?v=76f2f1bb:24582:37)
    at ComputedRefImpl.transformColumns [as _value] (http://localhost:5668/node_modules/.vite/deps/ant-design-vue.js?v=76f2f1bb:25678:11)
    at ComputedRefImpl.fn (http://localhost:5668/node_modules/.vite/deps/ant-design-vue.js?v=76f2f1bb:21675:63)
    at refreshComputed (http://localhost:5668/node_modules/.vite/deps/runtime-dom.esm-bundler-BzyUT97G.js?v=76f2f1bb:104:26)
    at get value (http://localhost:5668/node_modules/.vite/deps/runtime-dom.esm-bundler-BzyUT97G.js?v=76f2f1bb:1445:4)
    at ComputedRefImpl.fn (http://localhost:5668/node_modules/.vite/deps/ant-design-vue.js?v=76f2f1bb:21681:36)
    at refreshComputed (http://localhost:5668/node_modules/.vite/deps/runtime-dom.esm-bundler-BzyUT97G.js?v=76f2f1bb:104:26)
    at get value (http://localhost:5668/node_modules/.vite/deps/runtime-dom.esm-bundler-BzyUT97G.js?v=76f2f1bb:1445:4)
    at ComputedRefImpl.fn (http://localhost:5668/node_modules/.vite/deps/ant-design-vue.js?v=76f2f1bb:22351:64)
    at refreshComputed (http://localhost:5668/node_modules/.vite/deps/runtime-dom.esm-bundler-BzyUT97G.js?v=76f2f1bb:104:26)
    at get value (http://localhost:5668/node_modules/.vite/deps/runtime-dom.esm-bundler-BzyUT97G.js?v=76f2f1bb:1445:4)
    at ComputedRefImpl.fn (http://localhost:5668/node_modules/.vite/deps/ant-design-vue.js?v=76f2f1bb:22352:45)
    at refreshComputed (http://localhost:5668/node_modules/.vite/deps/runtime-dom.esm-bundler-BzyUT97G.js?v=76f2f1bb:104:26)
    at get value (http://localhost:5668/node_modules/.vite/deps/runtime-dom.esm-bundler-BzyUT97G.js?v=76f2f1bb:1445:4)
    at Proxy.<anonymous> (http://localhost:5668/node_modules/.vite/deps/ant-design-vue.js?v=76f2f1bb:22552:26)
[   66494ms] ReferenceError: h is not defined
    at title (http://localhost:5668/src/views/image/index.vue?t=1774020237181:330:18)
    at renderColumnTitle (http://localhost:5668/node_modules/.vite/deps/ant-design-vue.js?v=76f2f1bb:23225:42)
    at http://localhost:5668/node_modules/.vite/deps/ant-design-vue.js?v=76f2f1bb:24576:23
    at Array.map (<anonymous>)
    at fillTitle (http://localhost:5668/node_modules/.vite/deps/ant-design-vue.js?v=76f2f1bb:24574:17)
    at filledColumns (http://localhost:5668/node_modules/.vite/deps/ant-design-vue.js?v=76f2f1bb:24582:37)
    at ComputedRefImpl.transformColumns [as _value] (http://localhost:5668/node_modules/.vite/deps/ant-design-vue.js?v=76f2f1bb:25678:11)
    at ComputedRefImpl.fn (http://localhost:5668/node_modules/.vite/deps/ant-design-vue.js?v=76f2f1bb:21675:63)
    at refreshComputed (http://localhost:5668/node_modules/.vite/deps/runtime-dom.esm-bundler-BzyUT97G.js?v=76f2f1bb:104:26)
    at get value (http://localhost:5668/node_modules/.vite/deps/runtime-dom.esm-bundler-BzyUT97G.js?v=76f2f1bb:1445:4)
    at ComputedRefImpl.fn (http://localhost:5668/node_modules/.vite/deps/ant-design-vue.js?v=76f2f1bb:21681:36)
    at refreshComputed (http://localhost:5668/node_modules/.vite/deps/runtime-dom.esm-bundler-BzyUT97G.js?v=76f2f1bb:104:26)
    at get value (http://localhost:5668/node_modules/.vite/deps/runtime-dom.esm-bundler-BzyUT97G.js?v=76f2f1bb:1445:4)
    at ComputedRefImpl.fn (http://localhost:5668/node_modules/.vite/deps/ant-design-vue.js?v=76f2f1bb:22351:64)
    at refreshComputed (http://localhost:5668/node_modules/.vite/deps/runtime-dom.esm-bundler-BzyUT97G.js?v=76f2f1bb:104:26)
    at get value (http://localhost:5668/node_modules/.vite/deps/runtime-dom.esm-bundler-BzyUT97G.js?v=76f2f1bb:1445:4)
    at ComputedRefImpl.fn (http://localhost:5668/node_modules/.vite/deps/ant-design-vue.js?v=76f2f1bb:22352:45)
    at refreshComputed (http://localhost:5668/node_modules/.vite/deps/runtime-dom.esm-bundler-BzyUT97G.js?v=76f2f1bb:104:26)
    at get value (http://localhost:5668/node_modules/.vite/deps/runtime-dom.esm-bundler-BzyUT97G.js?v=76f2f1bb:1445:4)
    at Proxy.<anonymous> (http://localhost:5668/node_modules/.vite/deps/ant-design-vue.js?v=76f2f1bb:22552:26)
[   66496ms] ReferenceError: h is not defined
    at title (http://localhost:5668/src/views/image/index.vue?t=1774020237181:330:18)
    at renderColumnTitle (http://localhost:5668/node_modules/.vite/deps/ant-design-vue.js?v=76f2f1bb:23225:42)
    at http://localhost:5668/node_modules/.vite/deps/ant-design-vue.js?v=76f2f1bb:24576:23
    at Array.map (<anonymous>)
    at fillTitle (http://localhost:5668/node_modules/.vite/deps/ant-design-vue.js?v=76f2f1bb:24574:17)
    at filledColumns (http://localhost:5668/node_modules/.vite/deps/ant-design-vue.js?v=76f2f1bb:24582:37)
    at ComputedRefImpl.transformColumns [as _value] (http://localhost:5668/node_modules/.vite/deps/ant-design-vue.js?v=76f2f1bb:25678:11)
    at ComputedRefImpl.fn (http://localhost:5668/node_modules/.vite/deps/ant-design-vue.js?v=76f2f1bb:21675:63)
    at refreshComputed (http://localhost:5668/node_modules/.vite/deps/runtime-dom.esm-bundler-BzyUT97G.js?v=76f2f1bb:104:26)
    at get value (http://localhost:5668/node_modules/.vite/deps/runtime-dom.esm-bundler-BzyUT97G.js?v=76f2f1bb:1445:4)
    at ComputedRefImpl.fn (http://localhost:5668/node_modules/.vite/deps/ant-design-vue.js?v=76f2f1bb:21681:36)
    at refreshComputed (http://localhost:5668/node_modules/.vite/deps/runtime-dom.esm-bundler-BzyUT97G.js?v=76f2f1bb:104:26)
    at get value (http://localhost:5668/node_modules/.vite/deps/runtime-dom.esm-bundler-BzyUT97G.js?v=76f2f1bb:1445:4)
    at ComputedRefImpl.fn (http://localhost:5668/node_modules/.vite/deps/ant-design-vue.js?v=76f2f1bb:22351:64)
    at refreshComputed (http://localhost:5668/node_modules/.vite/deps/runtime-dom.esm-bundler-BzyUT97G.js?v=76f2f1bb:104:26)
    at get value (http://localhost:5668/node_modules/.vite/deps/runtime-dom.esm-bundler-BzyUT97G.js?v=76f2f1bb:1445:4)
    at ComputedRefImpl.fn (http://localhost:5668/node_modules/.vite/deps/ant-design-vue.js?v=76f2f1bb:22352:45)
    at refreshComputed (http://localhost:5668/node_modules/.vite/deps/runtime-dom.esm-bundler-BzyUT97G.js?v=76f2f1bb:104:26)
    at get value (http://localhost:5668/node_modules/.vite/deps/runtime-dom.esm-bundler-BzyUT97G.js?v=76f2f1bb:1445:4)
    at Proxy.<anonymous> (http://localhost:5668/node_modules/.vite/deps/ant-design-vue.js?v=76f2f1bb:22552:26)
[   66497ms] ReferenceError: h is not defined
    at title (http://localhost:5668/src/views/image/index.vue?t=1774020237181:330:18)
    at renderColumnTitle (http://localhost:5668/node_modules/.vite/deps/ant-design-vue.js?v=76f2f1bb:23225:42)
    at http://localhost:5668/node_modules/.vite/deps/ant-design-vue.js?v=76f2f1bb:24576:23
    at Array.map (<anonymous>)
    at fillTitle (http://localhost:5668/node_modules/.vite/deps/ant-design-vue.js?v=76f2f1bb:24574:17)
    at filledColumns (http://localhost:5668/node_modules/.vite/deps/ant-design-vue.js?v=76f2f1bb:24582:37)
    at ComputedRefImpl.transformColumns [as _value] (http://localhost:5668/node_modules/.vite/deps/ant-design-vue.js?v=76f2f1bb:25678:11)
    at ComputedRefImpl.fn (http://localhost:5668/node_modules/.vite/deps/ant-design-vue.js?v=76f2f1bb:21675:63)
    at refreshComputed (http://localhost:5668/node_modules/.vite/deps/runtime-dom.esm-bundler-BzyUT97G.js?v=76f2f1bb:104:26)
    at get value (http://localhost:5668/node_modules/.vite/deps/runtime-dom.esm-bundler-BzyUT97G.js?v=76f2f1bb:1445:4)
    at ComputedRefImpl.fn (http://localhost:5668/node_modules/.vite/deps/ant-design-vue.js?v=76f2f1bb:21681:36)
    at refreshComputed (http://localhost:5668/node_modules/.vite/deps/runtime-dom.esm-bundler-BzyUT97G.js?v=76f2f1bb:104:26)
    at get value (http://localhost:5668/node_modules/.vite/deps/runtime-dom.esm-bundler-BzyUT97G.js?v=76f2f1bb:1445:4)
    at ComputedRefImpl.fn (http://localhost:5668/node_modules/.vite/deps/ant-design-vue.js?v=76f2f1bb:22351:64)
    at refreshComputed (http://localhost:5668/node_modules/.vite/deps/runtime-dom.esm-bundler-BzyUT97G.js?v=76f2f1bb:104:26)
    at get value (http://localhost:5668/node_modules/.vite/deps/runtime-dom.esm-bundler-BzyUT97G.js?v=76f2f1bb:1445:4)
    at ComputedRefImpl.fn (http://localhost:5668/node_modules/.vite/deps/ant-design-vue.js?v=76f2f1bb:22352:45)
    at refreshComputed (http://localhost:5668/node_modules/.vite/deps/runtime-dom.esm-bundler-BzyUT97G.js?v=76f2f1bb:104:26)
    at get value (http://localhost:5668/node_modules/.vite/deps/runtime-dom.esm-bundler-BzyUT97G.js?v=76f2f1bb:1445:4)
    at Proxy.<anonymous> (http://localhost:5668/node_modules/.vite/deps/ant-design-vue.js?v=76f2f1bb:22552:26)
[   66499ms] ReferenceError: h is not defined
    at title (http://localhost:5668/src/views/image/index.vue?t=1774020237181:330:18)
    at renderColumnTitle (http://localhost:5668/node_modules/.vite/deps/ant-design-vue.js?v=76f2f1bb:23225:42)
    at http://localhost:5668/node_modules/.vite/deps/ant-design-vue.js?v=76f2f1bb:24576:23
    at Array.map (<anonymous>)
    at fillTitle (http://localhost:5668/node_modules/.vite/deps/ant-design-vue.js?v=76f2f1bb:24574:17)
    at filledColumns (http://localhost:5668/node_modules/.vite/deps/ant-design-vue.js?v=76f2f1bb:24582:37)
    at ComputedRefImpl.transformColumns [as _value] (http://localhost:5668/node_modules/.vite/deps/ant-design-vue.js?v=76f2f1bb:25678:11)
    at ComputedRefImpl.fn (http://localhost:5668/node_modules/.vite/deps/ant-design-vue.js?v=76f2f1bb:21675:63)
    at refreshComputed (http://localhost:5668/node_modules/.vite/deps/runtime-dom.esm-bundler-BzyUT97G.js?v=76f2f1bb:104:26)
    at get value (http://localhost:5668/node_modules/.vite/deps/runtime-dom.esm-bundler-BzyUT97G.js?v=76f2f1bb:1445:4)
    at ComputedRefImpl.fn (http://localhost:5668/node_modules/.vite/deps/ant-design-vue.js?v=76f2f1bb:21681:36)
    at refreshComputed (http://localhost:5668/node_modules/.vite/deps/runtime-dom.esm-bundler-BzyUT97G.js?v=76f2f1bb:104:26)
    at get value (http://localhost:5668/node_modules/.vite/deps/runtime-dom.esm-bundler-BzyUT97G.js?v=76f2f1bb:1445:4)
    at ComputedRefImpl.fn (http://localhost:5668/node_modules/.vite/deps/ant-design-vue.js?v=76f2f1bb:22351:64)
    at refreshComputed (http://localhost:5668/node_modules/.vite/deps/runtime-dom.esm-bundler-BzyUT97G.js?v=76f2f1bb:104:26)
    at get value (http://localhost:5668/node_modules/.vite/deps/runtime-dom.esm-bundler-BzyUT97G.js?v=76f2f1bb:1445:4)
    at ComputedRefImpl.fn (http://localhost:5668/node_modules/.vite/deps/ant-design-vue.js?v=76f2f1bb:22352:45)
    at refreshComputed (http://localhost:5668/node_modules/.vite/deps/runtime-dom.esm-bundler-BzyUT97G.js?v=76f2f1bb:104:26)
    at get value (http://localhost:5668/node_modules/.vite/deps/runtime-dom.esm-bundler-BzyUT97G.js?v=76f2f1bb:1445:4)
    at Proxy.<anonymous> (http://localhost:5668/node_modules/.vite/deps/ant-design-vue.js?v=76f2f1bb:22552:26)
[   66501ms] ReferenceError: h is not defined
    at title (http://localhost:5668/src/views/image/index.vue?t=1774020237181:330:18)
    at renderColumnTitle (http://localhost:5668/node_modules/.vite/deps/ant-design-vue.js?v=76f2f1bb:23225:42)
    at http://localhost:5668/node_modules/.vite/deps/ant-design-vue.js?v=76f2f1bb:24576:23
    at Array.map (<anonymous>)
    at fillTitle (http://localhost:5668/node_modules/.vite/deps/ant-design-vue.js?v=76f2f1bb:24574:17)
    at filledColumns (http://localhost:5668/node_modules/.vite/deps/ant-design-vue.js?v=76f2f1bb:24582:37)
    at ComputedRefImpl.transformColumns [as _value] (http://localhost:5668/node_modules/.vite/deps/ant-design-vue.js?v=76f2f1bb:25678:11)
    at ComputedRefImpl.fn (http://localhost:5668/node_modules/.vite/deps/ant-design-vue.js?v=76f2f1bb:21675:63)
    at refreshComputed (http://localhost:5668/node_modules/.vite/deps/runtime-dom.esm-bundler-BzyUT97G.js?v=76f2f1bb:104:26)
    at get value (http://localhost:5668/node_modules/.vite/deps/runtime-dom.esm-bundler-BzyUT97G.js?v=76f2f1bb:1445:4)
    at ComputedRefImpl.fn (http://localhost:5668/node_modules/.vite/deps/ant-design-vue.js?v=76f2f1bb:21681:36)
    at refreshComputed (http://localhost:5668/node_modules/.vite/deps/runtime-dom.esm-bundler-BzyUT97G.js?v=76f2f1bb:104:26)
    at get value (http://localhost:5668/node_modules/.vite/deps/runtime-dom.esm-bundler-BzyUT97G.js?v=76f2f1bb:1445:4)
    at ComputedRefImpl.fn (http://localhost:5668/node_modules/.vite/deps/ant-design-vue.js?v=76f2f1bb:22351:64)
    at refreshComputed (http://localhost:5668/node_modules/.vite/deps/runtime-dom.esm-bundler-BzyUT97G.js?v=76f2f1bb:104:26)
    at get value (http://localhost:5668/node_modules/.vite/deps/runtime-dom.esm-bundler-BzyUT97G.js?v=76f2f1bb:1445:4)
    at ComputedRefImpl.fn (http://localhost:5668/node_modules/.vite/deps/ant-design-vue.js?v=76f2f1bb:22352:45)
    at refreshComputed (http://localhost:5668/node_modules/.vite/deps/runtime-dom.esm-bundler-BzyUT97G.js?v=76f2f1bb:104:26)
    at get value (http://localhost:5668/node_modules/.vite/deps/runtime-dom.esm-bundler-BzyUT97G.js?v=76f2f1bb:1445:4)
    at Proxy.<anonymous> (http://localhost:5668/node_modules/.vite/deps/ant-design-vue.js?v=76f2f1bb:22552:26)
[   66503ms] ReferenceError: h is not defined
    at title (http://localhost:5668/src/views/image/index.vue?t=1774020237181:330:18)
    at renderColumnTitle (http://localhost:5668/node_modules/.vite/deps/ant-design-vue.js?v=76f2f1bb:23225:42)
    at http://localhost:5668/node_modules/.vite/deps/ant-design-vue.js?v=76f2f1bb:24576:23
    at Array.map (<anonymous>)
    at fillTitle (http://localhost:5668/node_modules/.vite/deps/ant-design-vue.js?v=76f2f1bb:24574:17)
    at filledColumns (http://localhost:5668/node_modules/.vite/deps/ant-design-vue.js?v=76f2f1bb:24582:37)
    at ComputedRefImpl.transformColumns [as _value] (http://localhost:5668/node_modules/.vite/deps/ant-design-vue.js?v=76f2f1bb:25678:11)
    at ComputedRefImpl.fn (http://localhost:5668/node_modules/.vite/deps/ant-design-vue.js?v=76f2f1bb:21675:63)
    at refreshComputed (http://localhost:5668/node_modules/.vite/deps/runtime-dom.esm-bundler-BzyUT97G.js?v=76f2f1bb:104:26)
    at get value (http://localhost:5668/node_modules/.vite/deps/runtime-dom.esm-bundler-BzyUT97G.js?v=76f2f1bb:1445:4)
    at ComputedRefImpl.fn (http://localhost:5668/node_modules/.vite/deps/ant-design-vue.js?v=76f2f1bb:21681:36)
    at refreshComputed (http://localhost:5668/node_modules/.vite/deps/runtime-dom.esm-bundler-BzyUT97G.js?v=76f2f1bb:104:26)
    at get value (http://localhost:5668/node_modules/.vite/deps/runtime-dom.esm-bundler-BzyUT97G.js?v=76f2f1bb:1445:4)
    at ComputedRefImpl.fn (http://localhost:5668/node_modules/.vite/deps/ant-design-vue.js?v=76f2f1bb:22351:64)
    at refreshComputed (http://localhost:5668/node_modules/.vite/deps/runtime-dom.esm-bundler-BzyUT97G.js?v=76f2f1bb:104:26)
    at get value (http://localhost:5668/node_modules/.vite/deps/runtime-dom.esm-bundler-BzyUT97G.js?v=76f2f1bb:1445:4)
    at ComputedRefImpl.fn (http://localhost:5668/node_modules/.vite/deps/ant-design-vue.js?v=76f2f1bb:22352:45)
    at refreshComputed (http://localhost:5668/node_modules/.vite/deps/runtime-dom.esm-bundler-BzyUT97G.js?v=76f2f1bb:104:26)
    at get value (http://localhost:5668/node_modules/.vite/deps/runtime-dom.esm-bundler-BzyUT97G.js?v=76f2f1bb:1445:4)
    at Proxy.<anonymous> (http://localhost:5668/node_modules/.vite/deps/ant-design-vue.js?v=76f2f1bb:22552:26)
[   66512ms] ReferenceError: h is not defined
    at title (http://localhost:5668/src/views/image/index.vue?t=1774020237181:330:18)
    at renderColumnTitle (http://localhost:5668/node_modules/.vite/deps/ant-design-vue.js?v=76f2f1bb:23225:42)
    at http://localhost:5668/node_modules/.vite/deps/ant-design-vue.js?v=76f2f1bb:24576:23
    at Array.map (<anonymous>)
    at fillTitle (http://localhost:5668/node_modules/.vite/deps/ant-design-vue.js?v=76f2f1bb:24574:17)
    at filledColumns (http://localhost:5668/node_modules/.vite/deps/ant-design-vue.js?v=76f2f1bb:24582:37)
    at ComputedRefImpl.transformColumns [as _value] (http://localhost:5668/node_modules/.vite/deps/ant-design-vue.js?v=76f2f1bb:25678:11)
    at ComputedRefImpl.fn (http://localhost:5668/node_modules/.vite/deps/ant-design-vue.js?v=76f2f1bb:21675:63)
    at refreshComputed (http://localhost:5668/node_modules/.vite/deps/runtime-dom.esm-bundler-BzyUT97G.js?v=76f2f1bb:104:26)
    at get value (http://localhost:5668/node_modules/.vite/deps/runtime-dom.esm-bundler-BzyUT97G.js?v=76f2f1bb:1445:4)
    at ComputedRefImpl.fn (http://localhost:5668/node_modules/.vite/deps/ant-design-vue.js?v=76f2f1bb:21681:36)
    at refreshComputed (http://localhost:5668/node_modules/.vite/deps/runtime-dom.esm-bundler-BzyUT97G.js?v=76f2f1bb:104:26)
    at get value (http://localhost:5668/node_modules/.vite/deps/runtime-dom.esm-bundler-BzyUT97G.js?v=76f2f1bb:1445:4)
    at ComputedRefImpl.fn (http://localhost:5668/node_modules/.vite/deps/ant-design-vue.js?v=76f2f1bb:22351:64)
    at refreshComputed (http://localhost:5668/node_modules/.vite/deps/runtime-dom.esm-bundler-BzyUT97G.js?v=76f2f1bb:104:26)
    at get value (http://localhost:5668/node_modules/.vite/deps/runtime-dom.esm-bundler-BzyUT97G.js?v=76f2f1bb:1445:4)
    at ComputedRefImpl.fn (http://localhost:5668/node_modules/.vite/deps/ant-design-vue.js?v=76f2f1bb:22352:45)
    at refreshComputed (http://localhost:5668/node_modules/.vite/deps/runtime-dom.esm-bundler-BzyUT97G.js?v=76f2f1bb:104:26)
    at get value (http://localhost:5668/node_modules/.vite/deps/runtime-dom.esm-bundler-BzyUT97G.js?v=76f2f1bb:1445:4)
    at Proxy.<anonymous> (http://localhost:5668/node_modules/.vite/deps/ant-design-vue.js?v=76f2f1bb:22552:26)
[   66522ms] ReferenceError: h is not defined
    at title (http://localhost:5668/src/views/image/index.vue?t=1774020237181:330:18)
    at renderColumnTitle (http://localhost:5668/node_modules/.vite/deps/ant-design-vue.js?v=76f2f1bb:23225:42)
    at http://localhost:5668/node_modules/.vite/deps/ant-design-vue.js?v=76f2f1bb:24576:23
    at Array.map (<anonymous>)
    at fillTitle (http://localhost:5668/node_modules/.vite/deps/ant-design-vue.js?v=76f2f1bb:24574:17)
    at filledColumns (http://localhost:5668/node_modules/.vite/deps/ant-design-vue.js?v=76f2f1bb:24582:37)
    at ComputedRefImpl.transformColumns [as _value] (http://localhost:5668/node_modules/.vite/deps/ant-design-vue.js?v=76f2f1bb:25678:11)
    at ComputedRefImpl.fn (http://localhost:5668/node_modules/.vite/deps/ant-design-vue.js?v=76f2f1bb:21675:63)
    at refreshComputed (http://localhost:5668/node_modules/.vite/deps/runtime-dom.esm-bundler-BzyUT97G.js?v=76f2f1bb:104:26)
    at get value (http://localhost:5668/node_modules/.vite/deps/runtime-dom.esm-bundler-BzyUT97G.js?v=76f2f1bb:1445:4)
    at ComputedRefImpl.fn (http://localhost:5668/node_modules/.vite/deps/ant-design-vue.js?v=76f2f1bb:21681:36)
    at refreshComputed (http://localhost:5668/node_modules/.vite/deps/runtime-dom.esm-bundler-BzyUT97G.js?v=76f2f1bb:104:26)
    at get value (http://localhost:5668/node_modules/.vite/deps/runtime-dom.esm-bundler-BzyUT97G.js?v=76f2f1bb:1445:4)
    at ComputedRefImpl.fn (http://localhost:5668/node_modules/.vite/deps/ant-design-vue.js?v=76f2f1bb:22351:64)
    at refreshComputed (http://localhost:5668/node_modules/.vite/deps/runtime-dom.esm-bundler-BzyUT97G.js?v=76f2f1bb:104:26)
    at get value (http://localhost:5668/node_modules/.vite/deps/runtime-dom.esm-bundler-BzyUT97G.js?v=76f2f1bb:1445:4)
    at ComputedRefImpl.fn (http://localhost:5668/node_modules/.vite/deps/ant-design-vue.js?v=76f2f1bb:22352:45)
    at refreshComputed (http://localhost:5668/node_modules/.vite/deps/runtime-dom.esm-bundler-BzyUT97G.js?v=76f2f1bb:104:26)
    at get value (http://localhost:5668/node_modules/.vite/deps/runtime-dom.esm-bundler-BzyUT97G.js?v=76f2f1bb:1445:4)
    at Proxy.<anonymous> (http://localhost:5668/node_modules/.vite/deps/ant-design-vue.js?v=76f2f1bb:22552:26)
[   66529ms] ReferenceError: h is not defined
    at title (http://localhost:5668/src/views/image/index.vue?t=1774020237181:330:18)
    at renderColumnTitle (http://localhost:5668/node_modules/.vite/deps/ant-design-vue.js?v=76f2f1bb:23225:42)
    at http://localhost:5668/node_modules/.vite/deps/ant-design-vue.js?v=76f2f1bb:24576:23
    at Array.map (<anonymous>)
    at fillTitle (http://localhost:5668/node_modules/.vite/deps/ant-design-vue.js?v=76f2f1bb:24574:17)
    at filledColumns (http://localhost:5668/node_modules/.vite/deps/ant-design-vue.js?v=76f2f1bb:24582:37)
    at ComputedRefImpl.transformColumns [as _value] (http://localhost:5668/node_modules/.vite/deps/ant-design-vue.js?v=76f2f1bb:25678:11)
    at ComputedRefImpl.fn (http://localhost:5668/node_modules/.vite/deps/ant-design-vue.js?v=76f2f1bb:21675:63)
    at refreshComputed (http://localhost:5668/node_modules/.vite/deps/runtime-dom.esm-bundler-BzyUT97G.js?v=76f2f1bb:104:26)
    at get value (http://localhost:5668/node_modules/.vite/deps/runtime-dom.esm-bundler-BzyUT97G.js?v=76f2f1bb:1445:4)
    at ComputedRefImpl.fn (http://localhost:5668/node_modules/.vite/deps/ant-design-vue.js?v=76f2f1bb:21681:36)
    at refreshComputed (http://localhost:5668/node_modules/.vite/deps/runtime-dom.esm-bundler-BzyUT97G.js?v=76f2f1bb:104:26)
    at get value (http://localhost:5668/node_modules/.vite/deps/runtime-dom.esm-bundler-BzyUT97G.js?v=76f2f1bb:1445:4)
    at ComputedRefImpl.fn (http://localhost:5668/node_modules/.vite/deps/ant-design-vue.js?v=76f2f1bb:22351:64)
    at refreshComputed (http://localhost:5668/node_modules/.vite/deps/runtime-dom.esm-bundler-BzyUT97G.js?v=76f2f1bb:104:26)
    at get value (http://localhost:5668/node_modules/.vite/deps/runtime-dom.esm-bundler-BzyUT97G.js?v=76f2f1bb:1445:4)
    at ComputedRefImpl.fn (http://localhost:5668/node_modules/.vite/deps/ant-design-vue.js?v=76f2f1bb:22352:45)
    at refreshComputed (http://localhost:5668/node_modules/.vite/deps/runtime-dom.esm-bundler-BzyUT97G.js?v=76f2f1bb:104:26)
    at get value (http://localhost:5668/node_modules/.vite/deps/runtime-dom.esm-bundler-BzyUT97G.js?v=76f2f1bb:1445:4)
    at Proxy.<anonymous> (http://localhost:5668/node_modules/.vite/deps/ant-design-vue.js?v=76f2f1bb:22552:26)
[   66533ms] ReferenceError: h is not defined
    at title (http://localhost:5668/src/views/image/index.vue?t=1774020237181:330:18)
    at renderColumnTitle (http://localhost:5668/node_modules/.vite/deps/ant-design-vue.js?v=76f2f1bb:23225:42)
    at http://localhost:5668/node_modules/.vite/deps/ant-design-vue.js?v=76f2f1bb:24576:23
    at Array.map (<anonymous>)
    at fillTitle (http://localhost:5668/node_modules/.vite/deps/ant-design-vue.js?v=76f2f1bb:24574:17)
    at filledColumns (http://localhost:5668/node_modules/.vite/deps/ant-design-vue.js?v=76f2f1bb:24582:37)
    at ComputedRefImpl.transformColumns [as _value] (http://localhost:5668/node_modules/.vite/deps/ant-design-vue.js?v=76f2f1bb:25678:11)
    at ComputedRefImpl.fn (http://localhost:5668/node_modules/.vite/deps/ant-design-vue.js?v=76f2f1bb:21675:63)
    at refreshComputed (http://localhost:5668/node_modules/.vite/deps/runtime-dom.esm-bundler-BzyUT97G.js?v=76f2f1bb:104:26)
    at get value (http://localhost:5668/node_modules/.vite/deps/runtime-dom.esm-bundler-BzyUT97G.js?v=76f2f1bb:1445:4)
    at ComputedRefImpl.fn (http://localhost:5668/node_modules/.vite/deps/ant-design-vue.js?v=76f2f1bb:21681:36)
    at refreshComputed (http://localhost:5668/node_modules/.vite/deps/runtime-dom.esm-bundler-BzyUT97G.js?v=76f2f1bb:104:26)
    at get value (http://localhost:5668/node_modules/.vite/deps/runtime-dom.esm-bundler-BzyUT97G.js?v=76f2f1bb:1445:4)
    at ComputedRefImpl.fn (http://localhost:5668/node_modules/.vite/deps/ant-design-vue.js?v=76f2f1bb:22351:64)
    at refreshComputed (http://localhost:5668/node_modules/.vite/deps/runtime-dom.esm-bundler-BzyUT97G.js?v=76f2f1bb:104:26)
    at get value (http://localhost:5668/node_modules/.vite/deps/runtime-dom.esm-bundler-BzyUT97G.js?v=76f2f1bb:1445:4)
    at ComputedRefImpl.fn (http://localhost:5668/node_modules/.vite/deps/ant-design-vue.js?v=76f2f1bb:22352:45)
    at refreshComputed (http://localhost:5668/node_modules/.vite/deps/runtime-dom.esm-bundler-BzyUT97G.js?v=76f2f1bb:104:26)
    at get value (http://localhost:5668/node_modules/.vite/deps/runtime-dom.esm-bundler-BzyUT97G.js?v=76f2f1bb:1445:4)
    at Proxy.<anonymous> (http://localhost:5668/node_modules/.vite/deps/ant-design-vue.js?v=76f2f1bb:22552:26)
[   66535ms] ReferenceError: h is not defined
    at title (http://localhost:5668/src/views/image/index.vue?t=1774020237181:330:18)
    at renderColumnTitle (http://localhost:5668/node_modules/.vite/deps/ant-design-vue.js?v=76f2f1bb:23225:42)
    at http://localhost:5668/node_modules/.vite/deps/ant-design-vue.js?v=76f2f1bb:24576:23
    at Array.map (<anonymous>)
    at fillTitle (http://localhost:5668/node_modules/.vite/deps/ant-design-vue.js?v=76f2f1bb:24574:17)
    at filledColumns (http://localhost:5668/node_modules/.vite/deps/ant-design-vue.js?v=76f2f1bb:24582:37)
    at ComputedRefImpl.transformColumns [as _value] (http://localhost:5668/node_modules/.vite/deps/ant-design-vue.js?v=76f2f1bb:25678:11)
    at ComputedRefImpl.fn (http://localhost:5668/node_modules/.vite/deps/ant-design-vue.js?v=76f2f1bb:21675:63)
    at refreshComputed (http://localhost:5668/node_modules/.vite/deps/runtime-dom.esm-bundler-BzyUT97G.js?v=76f2f1bb:104:26)
    at get value (http://localhost:5668/node_modules/.vite/deps/runtime-dom.esm-bundler-BzyUT97G.js?v=76f2f1bb:1445:4)
    at ComputedRefImpl.fn (http://localhost:5668/node_modules/.vite/deps/ant-design-vue.js?v=76f2f1bb:21681:36)
    at refreshComputed (http://localhost:5668/node_modules/.vite/deps/runtime-dom.esm-bundler-BzyUT97G.js?v=76f2f1bb:104:26)
    at get value (http://localhost:5668/node_modules/.vite/deps/runtime-dom.esm-bundler-BzyUT97G.js?v=76f2f1bb:1445:4)
    at ComputedRefImpl.fn (http://localhost:5668/node_modules/.vite/deps/ant-design-vue.js?v=76f2f1bb:22351:64)
    at refreshComputed (http://localhost:5668/node_modules/.vite/deps/runtime-dom.esm-bundler-BzyUT97G.js?v=76f2f1bb:104:26)
    at get value (http://localhost:5668/node_modules/.vite/deps/runtime-dom.esm-bundler-BzyUT97G.js?v=76f2f1bb:1445:4)
    at ComputedRefImpl.fn (http://localhost:5668/node_modules/.vite/deps/ant-design-vue.js?v=76f2f1bb:22352:45)
    at refreshComputed (http://localhost:5668/node_modules/.vite/deps/runtime-dom.esm-bundler-BzyUT97G.js?v=76f2f1bb:104:26)
    at get value (http://localhost:5668/node_modules/.vite/deps/runtime-dom.esm-bundler-BzyUT97G.js?v=76f2f1bb:1445:4)
    at Proxy.<anonymous> (http://localhost:5668/node_modules/.vite/deps/ant-design-vue.js?v=76f2f1bb:22552:26)
[   73754ms] [WARNING] [Vue warn]: Unhandled error during execution of scheduler flush 
  at <KeepAlive key=0 exclude= [] include= [] > 
  at <BaseTransition mode="out-in" appear=true persisted=false  ... > 
  at <Transition key=1 name="fade-slide" appear=""  ... > 
  at <RouterView> 
  at <LayoutContent> 
  at <LayoutContent id="__vben_main_content" content-compact="wide" content-compact-width=1200  ... > 
  at <VbenLayout sidebar-extra-visible=false onUpdate:sidebarExtraVisible=fn content-compact="wide"  ... > 
  at <BasicLayout onClearPreferencesAndLogout=fn<handleLogout> > 
  at <Basic onVnodeUnmounted=fn<onVnodeUnmounted> ref=Ref< Proxy(Object) > > 
  at <RouterView> 
  at <AApp> 
  at <Anonymous value= {hashed: true, components: Object, theme: Theme, token: Object} > 
  at <ALocaleProvider locale= {locale: zh-cn, Pagination: Object, DatePicker: Object, TimePicker: Object, Calendar: Object} ANT_MARK__="internalMark" > 
  at <LocaleReceiver children=fn<children> > 
  at <AConfigProvider locale= {locale: zh-cn, Pagination: Object, DatePicker: Object, TimePicker: Object, Calendar: Object} theme= {algorithm: Array(1), token: Proxy(Object)} > 
  at <App> @ http://localhost:5668/@vite/client:509
[   73761ms] TypeError: Cannot read properties of null (reading 'parentNode')
    at parentNode (http://localhost:5668/node_modules/.vite/deps/runtime-dom.esm-bundler-BzyUT97G.js?v=76f2f1bb:7679:30)
    at ReactiveEffect.componentUpdateFn [as fn] (http://localhost:5668/node_modules/.vite/deps/runtime-dom.esm-bundler-BzyUT97G.js?v=76f2f1bb:4511:31)
    at ReactiveEffect.run (http://localhost:5668/node_modules/.vite/deps/runtime-dom.esm-bundler-BzyUT97G.js?v=76f2f1bb:967:17)
    at http://localhost:5668/node_modules/.vite/deps/runtime-dom.esm-bundler-BzyUT97G.js?v=76f2f1bb:1801:21
    at callWithErrorHandling (http://localhost:5668/node_modules/.vite/deps/runtime-dom.esm-bundler-BzyUT97G.js?v=76f2f1bb:1571:31)
    at flushJobs (http://localhost:5668/node_modules/.vite/deps/runtime-dom.esm-bundler-BzyUT97G.js?v=76f2f1bb:1711:5)
