[   24218ms] [WARNING] [Vue warn]: Failed to resolve component: a-button
If this is a native custom element, make sure to exclude it from component resolution via compilerOptions.isCustomElement. 
  at <DashboardPage onVnodeUnmounted=fn<onVnodeUnmounted> ref=Ref< undefined > key="/dashboard" > 
  at <KeepAlive key=0 exclude= [] include= [] > 
  at <BaseTransition mode="out-in" appear=true persisted=false  ... > 
  at <Transition key=1 name="fade-slide" appear=""  ... > 
  at <RouterView> 
  at <LayoutContent> 
  at <LayoutContent id="__vben_main_content" content-compact="wide" content-compact-width=1200  ... > 
  at <VbenLayout sidebar-extra-visible=false onUpdate:sidebarExtraVisible=fn content-compact="wide"  ... > 
  at <BasicLayout onClearPreferencesAndLogout=fn<handleLogout> > 
  at <Basic onVnodeUnmounted=fn<onVnodeUnmounted> ref=Ref< null > > 
  at <RouterView> 
  at <AApp> 
  at <Anonymous value= {hashed: true, components: Object, theme: Theme, token: Object} > 
  at <ALocaleProvider locale= {locale: zh-cn, Pagination: Object, DatePicker: Object, TimePicker: Object, Calendar: Object} ANT_MARK__="internalMark" > 
  at <LocaleReceiver children=fn<children> > 
  at <AConfigProvider locale= {locale: zh-cn, Pagination: Object, DatePicker: Object, TimePicker: Object, Calendar: Object} theme= {algorithm: Array(1), token: Proxy(Object)} > 
  at <App> @ http://localhost:5666/@vite/client:509
[   24376ms] [WARNING] [Socket] 已连接或正在连接中 @ http://localhost:5666/@vite/client:509
[   36127ms] [WARNING] [Socket] 已连接或正在连接中 @ http://localhost:5666/@vite/client:509
[   43068ms] [WARNING] [Vue warn]: Failed to resolve component: Collapse.Panel
If this is a native custom element, make sure to exclude it from component resolution via compilerOptions.isCustomElement. 
  at <ImagePage onVnodeUnmounted=fn<onVnodeUnmounted> ref=Ref< null > key="/image" > 
  at <KeepAlive key=0 exclude= [] include= [] > 
  at <BaseTransition mode="out-in" appear=true persisted=false  ... > 
  at <Transition key=1 name="fade-slide" appear=""  ... > 
  at <RouterView> 
  at <LayoutContent> 
  at <LayoutContent id="__vben_main_content" content-compact="wide" content-compact-width=1200  ... > 
  at <VbenLayout sidebar-extra-visible=false onUpdate:sidebarExtraVisible=fn content-compact="wide"  ... > 
  at <BasicLayout onClearPreferencesAndLogout=fn<handleLogout> > 
  at <Basic onVnodeUnmounted=fn<onVnodeUnmounted> ref=Ref< Proxy(Object) > > 
  at <RouterView> 
  at <AApp> 
  at <Anonymous value= {hashed: true, components: Object, theme: Theme, token: Object} > 
  at <ALocaleProvider locale= {locale: zh-cn, Pagination: Object, DatePicker: Object, TimePicker: Object, Calendar: Object} ANT_MARK__="internalMark" > 
  at <LocaleReceiver children=fn<children> > 
  at <AConfigProvider locale= {locale: zh-cn, Pagination: Object, DatePicker: Object, TimePicker: Object, Calendar: Object} theme= {algorithm: Array(1), token: Proxy(Object)} > 
  at <App> @ http://localhost:5666/@vite/client:509
[   43071ms] [WARNING] [Vue warn]: Failed to resolve component: Collapse
If this is a native custom element, make sure to exclude it from component resolution via compilerOptions.isCustomElement. 
  at <ImagePage onVnodeUnmounted=fn<onVnodeUnmounted> ref=Ref< null > key="/image" > 
  at <KeepAlive key=0 exclude= [] include= [] > 
  at <BaseTransition mode="out-in" appear=true persisted=false  ... > 
  at <Transition key=1 name="fade-slide" appear=""  ... > 
  at <RouterView> 
  at <LayoutContent> 
  at <LayoutContent id="__vben_main_content" content-compact="wide" content-compact-width=1200  ... > 
  at <VbenLayout sidebar-extra-visible=false onUpdate:sidebarExtraVisible=fn content-compact="wide"  ... > 
  at <BasicLayout onClearPreferencesAndLogout=fn<handleLogout> > 
  at <Basic onVnodeUnmounted=fn<onVnodeUnmounted> ref=Ref< Proxy(Object) > > 
  at <RouterView> 
  at <AApp> 
  at <Anonymous value= {hashed: true, components: Object, theme: Theme, token: Object} > 
  at <ALocaleProvider locale= {locale: zh-cn, Pagination: Object, DatePicker: Object, TimePicker: Object, Calendar: Object} ANT_MARK__="internalMark" > 
  at <LocaleReceiver children=fn<children> > 
  at <AConfigProvider locale= {locale: zh-cn, Pagination: Object, DatePicker: Object, TimePicker: Object, Calendar: Object} theme= {algorithm: Array(1), token: Proxy(Object)} > 
  at <App> @ http://localhost:5666/@vite/client:509
[   43205ms] [WARNING] [Socket] 已连接或正在连接中 @ http://localhost:5666/@vite/client:509
[   49301ms] [WARNING] [Socket] 已连接或正在连接中 @ http://localhost:5666/@vite/client:509
[   81814ms] [ERROR] Warning: `columns.customRender` return cell props is deprecated with perf issue, please use `customCell` instead. @ http://localhost:5666/@vite/client:509
