[   36636ms] [ERROR] Failed to load resource: the server responded with a status of 500 (Internal Server Error) @ http://localhost:5667/src/views/upload/index.vue:0
[   36642ms] Failed to fetch dynamically imported module: http://localhost:5667/src/views/upload/index.vue
[   36851ms] [WARNING] [Vue Router warn]: uncaught error during route navigation: @ http://localhost:5667/@vite/client:509
[   36852ms] [ERROR] TypeError: Failed to fetch dynamically imported module: http://localhost:5667/src/views/upload/index.vue @ :0
[   36852ms] [WARNING] [Vue Router warn]: Unexpected error when starting the router: TypeError: Failed to fetch dynamically imported module: http://localhost:5667/src/views/upload/index.vue @ http://localhost:5667/@vite/client:509
[   43304ms] [ERROR] Failed to load resource: the server responded with a status of 500 (Internal Server Error) @ http://localhost:5667/src/views/upload/index.vue?t=1774010066528:0
[   43390ms] Failed to fetch dynamically imported module: http://localhost:5667/src/views/upload/index.vue?t=1774010066528
[   43495ms] [WARNING] [Vue Router warn]: uncaught error during route navigation: @ http://localhost:5667/@vite/client:509
[   43496ms] [ERROR] TypeError: Failed to fetch dynamically imported module: http://localhost:5667/src/views/upload/index.vue?t=1774010066528 @ :0
[   43496ms] [WARNING] [Vue Router warn]: Unexpected error when starting the router: TypeError: Failed to fetch dynamically imported module: http://localhost:5667/src/views/upload/index.vue?t=1774010066528 @ http://localhost:5667/@vite/client:509
[   49972ms] [ERROR] Failed to load resource: the server responded with a status of 500 (Internal Server Error) @ http://localhost:5667/src/views/upload/index.vue?t=1774010073664:0
[   50041ms] Failed to fetch dynamically imported module: http://localhost:5667/src/views/upload/index.vue?t=1774010073664
[   50175ms] [WARNING] [Vue Router warn]: uncaught error during route navigation: @ http://localhost:5667/@vite/client:509
[   50176ms] [ERROR] TypeError: Failed to fetch dynamically imported module: http://localhost:5667/src/views/upload/index.vue?t=1774010073664 @ :0
[   50176ms] [WARNING] [Vue Router warn]: Unexpected error when starting the router: TypeError: Failed to fetch dynamically imported module: http://localhost:5667/src/views/upload/index.vue?t=1774010073664 @ http://localhost:5667/@vite/client:509
[   63393ms] [ERROR] Failed to load resource: the server responded with a status of 500 (Internal Server Error) @ http://localhost:5667/src/views/upload/index.vue?t=1774010073664:0
[   63414ms] Failed to fetch dynamically imported module: http://localhost:5667/src/views/upload/index.vue?t=1774010073664
[   63543ms] [WARNING] [Vue Router warn]: uncaught error during route navigation: @ http://localhost:5667/@vite/client:509
[   63543ms] [ERROR] TypeError: Failed to fetch dynamically imported module: http://localhost:5667/src/views/upload/index.vue?t=1774010073664 @ :0
[   63544ms] [WARNING] [Vue Router warn]: Unexpected error when starting the router: TypeError: Failed to fetch dynamically imported module: http://localhost:5667/src/views/upload/index.vue?t=1774010073664 @ http://localhost:5667/@vite/client:509
