[    1330ms] [WARNING] [Vue warn]: Failed to resolve component: a-button
If this is a native custom element, make sure to exclude it from component resolution via compilerOptions.isCustomElement. 
  at <DashboardPage onVnodeUnmounted=fn<onVnodeUnmounted> ref=Ref< undefined > key="/dashboard" > 
  at <KeepAlive key=0 exclude= [] include= [] > 
  at <BaseTransition mode="out-in" appear=true persisted=false  ... > 
  at <Transition key=1 name="fade-slide" appear=""  ... > 
  at <RouterView> 
  at <LayoutContent> 
  at <LayoutContent id="__vben_main_content" content-compact="wide" content-compact-width=1200  ... > 
  at <VbenLayout sidebar-extra-visible=false onUpdate:sidebarExtraVisible=fn content-compact="wide"  ... > 
  at <BasicLayout onClearPreferencesAndLogout=fn<handleLogout> > 
  at <Basic onVnodeUnmounted=fn<onVnodeUnmounted> ref=Ref< undefined > > 
  at <RouterView> 
  at <AApp> 
  at <Anonymous value= {hashed: true, components: Object, theme: Theme, token: Object} > 
  at <ALocaleProvider locale= {locale: zh-cn, Pagination: Object, DatePicker: Object, TimePicker: Object, Calendar: Object} ANT_MARK__="internalMark" > 
  at <LocaleReceiver children=fn<children> > 
  at <AConfigProvider locale= {locale: zh-cn, Pagination: Object, DatePicker: Object, TimePicker: Object, Calendar: Object} theme= {algorithm: Array(1), token: Proxy(Object)} > 
  at <App> @ http://localhost:5667/@vite/client:509
[  129831ms] [WARNING] [Socket] 已连接或正在连接中 @ http://localhost:5667/@vite/client:509
[  171524ms] [WARNING] [Socket] 已连接或正在连接中 @ http://localhost:5667/@vite/client:509
[  197802ms] [WARNING] [Socket] 已连接或正在连接中 @ http://localhost:5667/@vite/client:509
[  220278ms] [WARNING] [Vue warn]: Failed to resolve component: a-button
If this is a native custom element, make sure to exclude it from component resolution via compilerOptions.isCustomElement. 
  at <DashboardPage onVnodeUnmounted=fn<onVnodeUnmounted> ref=Ref< null > key="/dashboard" > 
  at <KeepAlive key=0 exclude= [] include= [] > 
  at <BaseTransition mode="out-in" appear=true persisted=false  ... > 
  at <Transition key=1 name="fade-slide" appear=""  ... > 
  at <RouterView> 
  at <LayoutContent> 
  at <LayoutContent id="__vben_main_content" content-compact="wide" content-compact-width=1200  ... > 
  at <VbenLayout sidebar-extra-visible=false onUpdate:sidebarExtraVisible=fn content-compact="wide"  ... > 
  at <BasicLayout onClearPreferencesAndLogout=fn<handleLogout> > 
  at <Basic onVnodeUnmounted=fn<onVnodeUnmounted> ref=Ref< Proxy(Object) > > 
  at <RouterView> 
  at <AApp> 
  at <Anonymous value= {hashed: true, components: Object, theme: Theme, token: Object} > 
  at <ALocaleProvider locale= {locale: zh-cn, Pagination: Object, DatePicker: Object, TimePicker: Object, Calendar: Object} ANT_MARK__="internalMark" > 
  at <LocaleReceiver children=fn<children> > 
  at <AConfigProvider locale= {locale: zh-cn, Pagination: Object, DatePicker: Object, TimePicker: Object, Calendar: Object} theme= {algorithm: Array(1), token: Proxy(Object)} > 
  at <App> @ http://localhost:5667/@vite/client:509
[ 1215790ms] [WARNING] [Socket] 已连接或正在连接中 @ http://localhost:5667/@vite/client:509
[ 1251032ms] [WARNING] [Vue warn]: Failed to resolve component: a-button
If this is a native custom element, make sure to exclude it from component resolution via compilerOptions.isCustomElement. 
  at <DashboardPage onVnodeUnmounted=fn<onVnodeUnmounted> ref=Ref< null > key="/dashboard" > 
  at <KeepAlive key=0 exclude= [] include= [] > 
  at <BaseTransition mode="out-in" appear=true persisted=false  ... > 
  at <Transition key=1 name="fade-slide" appear=""  ... > 
  at <RouterView> 
  at <LayoutContent> 
  at <LayoutContent id="__vben_main_content" content-compact="wide" content-compact-width=1200  ... > 
  at <VbenLayout sidebar-extra-visible=false onUpdate:sidebarExtraVisible=fn content-compact="wide"  ... > 
  at <BasicLayout onClearPreferencesAndLogout=fn<handleLogout> > 
  at <Basic onVnodeUnmounted=fn<onVnodeUnmounted> ref=Ref< Proxy(Object) > > 
  at <RouterView> 
  at <AApp> 
  at <Anonymous value= {hashed: true, components: Object, theme: Theme, token: Object} > 
  at <ALocaleProvider locale= {locale: zh-cn, Pagination: Object, DatePicker: Object, TimePicker: Object, Calendar: Object} ANT_MARK__="internalMark" > 
  at <LocaleReceiver children=fn<children> > 
  at <AConfigProvider locale= {locale: zh-cn, Pagination: Object, DatePicker: Object, TimePicker: Object, Calendar: Object} theme= {algorithm: Array(1), token: Proxy(Object)} > 
  at <App> @ http://localhost:5667/@vite/client:509
[ 1264724ms] [WARNING] [Socket] 已连接或正在连接中 @ http://localhost:5667/@vite/client:509
[ 1306953ms] [WARNING] [Socket] 已连接或正在连接中 @ http://localhost:5667/@vite/client:509
[ 1333379ms] [WARNING] [Vue warn]: Failed to resolve component: a-button
If this is a native custom element, make sure to exclude it from component resolution via compilerOptions.isCustomElement. 
  at <DashboardPage onVnodeUnmounted=fn<onVnodeUnmounted> ref=Ref< null > key="/dashboard" > 
  at <KeepAlive key=0 exclude= [] include= [] > 
  at <BaseTransition mode="out-in" appear=true persisted=false  ... > 
  at <Transition key=1 name="fade-slide" appear=""  ... > 
  at <RouterView> 
  at <LayoutContent> 
  at <LayoutContent id="__vben_main_content" content-compact="wide" content-compact-width=1200  ... > 
  at <VbenLayout sidebar-extra-visible=false onUpdate:sidebarExtraVisible=fn content-compact="wide"  ... > 
  at <BasicLayout onClearPreferencesAndLogout=fn<handleLogout> > 
  at <Basic onVnodeUnmounted=fn<onVnodeUnmounted> ref=Ref< Proxy(Object) > > 
  at <RouterView> 
  at <AApp> 
  at <Anonymous value= {hashed: true, components: Object, theme: Theme, token: Object} > 
  at <ALocaleProvider locale= {locale: zh-cn, Pagination: Object, DatePicker: Object, TimePicker: Object, Calendar: Object} ANT_MARK__="internalMark" > 
  at <LocaleReceiver children=fn<children> > 
  at <AConfigProvider locale= {locale: zh-cn, Pagination: Object, DatePicker: Object, TimePicker: Object, Calendar: Object} theme= {algorithm: Array(1), token: Proxy(Object)} > 
  at <App> @ http://localhost:5667/@vite/client:509
[ 1353216ms] [WARNING] [Socket] 已连接或正在连接中 @ http://localhost:5667/@vite/client:509
[ 1370852ms] [WARNING] [Socket] 已连接或正在连接中 @ http://localhost:5667/@vite/client:509
[ 1482897ms] [WARNING] [Vue warn]: Failed to resolve component: a-button
If this is a native custom element, make sure to exclude it from component resolution via compilerOptions.isCustomElement. 
  at <DashboardPage onVnodeUnmounted=fn<onVnodeUnmounted> ref=Ref< null > key="/dashboard" > 
  at <KeepAlive key=0 exclude= [] include= [] > 
  at <BaseTransition mode="out-in" appear=true persisted=false  ... > 
  at <Transition key=1 name="fade-slide" appear=""  ... > 
  at <RouterView> 
  at <LayoutContent> 
  at <LayoutContent id="__vben_main_content" content-compact="wide" content-compact-width=1200  ... > 
  at <VbenLayout sidebar-extra-visible=false onUpdate:sidebarExtraVisible=fn content-compact="wide"  ... > 
  at <BasicLayout onClearPreferencesAndLogout=fn<handleLogout> > 
  at <Basic onVnodeUnmounted=fn<onVnodeUnmounted> ref=Ref< Proxy(Object) > > 
  at <RouterView> 
  at <AApp> 
  at <Anonymous value= {hashed: true, components: Object, theme: Theme, token: Object} > 
  at <ALocaleProvider locale= {locale: zh-cn, Pagination: Object, DatePicker: Object, TimePicker: Object, Calendar: Object} ANT_MARK__="internalMark" > 
  at <LocaleReceiver children=fn<children> > 
  at <AConfigProvider locale= {locale: zh-cn, Pagination: Object, DatePicker: Object, TimePicker: Object, Calendar: Object} theme= {algorithm: Array(1), token: Proxy(Object)} > 
  at <App> @ http://localhost:5667/@vite/client:509
[ 1734926ms] [WARNING] [Socket] 已连接或正在连接中 @ http://localhost:5667/@vite/client:509
[ 2003128ms] [WARNING] [Vue warn]: Failed to resolve component: a-button
If this is a native custom element, make sure to exclude it from component resolution via compilerOptions.isCustomElement. 
  at <DashboardPage onVnodeUnmounted=fn<onVnodeUnmounted> ref=Ref< null > key="/dashboard" > 
  at <KeepAlive key=0 exclude= [] include= [] > 
  at <BaseTransition mode="out-in" appear=true persisted=false  ... > 
  at <Transition key=1 name="fade-slide" appear=""  ... > 
  at <RouterView> 
  at <LayoutContent> 
  at <LayoutContent id="__vben_main_content" content-compact="wide" content-compact-width=1200  ... > 
  at <VbenLayout sidebar-extra-visible=false onUpdate:sidebarExtraVisible=fn content-compact="wide"  ... > 
  at <BasicLayout onClearPreferencesAndLogout=fn<handleLogout> > 
  at <Basic onVnodeUnmounted=fn<onVnodeUnmounted> ref=Ref< Proxy(Object) > > 
  at <RouterView> 
  at <AApp> 
  at <Anonymous value= {hashed: true, components: Object, theme: Theme, token: Object} > 
  at <ALocaleProvider locale= {locale: zh-cn, Pagination: Object, DatePicker: Object, TimePicker: Object, Calendar: Object} ANT_MARK__="internalMark" > 
  at <LocaleReceiver children=fn<children> > 
  at <AConfigProvider locale= {locale: zh-cn, Pagination: Object, DatePicker: Object, TimePicker: Object, Calendar: Object} theme= {algorithm: Array(1), token: Proxy(Object)} > 
  at <App> @ http://localhost:5667/@vite/client:509
[ 2021691ms] [WARNING] [Vue warn]: Failed to resolve component: a-button
If this is a native custom element, make sure to exclude it from component resolution via compilerOptions.isCustomElement. 
  at <DashboardPage onVnodeUnmounted=fn<onVnodeUnmounted> ref=Ref< null > key="/dashboard" > 
  at <KeepAlive key=0 exclude= [] include= [] > 
  at <BaseTransition mode="out-in" appear=true persisted=false  ... > 
  at <Transition key=1 name="fade-slide" appear=""  ... > 
  at <RouterView> 
  at <LayoutContent> 
  at <LayoutContent id="__vben_main_content" content-compact="wide" content-compact-width=1200  ... > 
  at <VbenLayout sidebar-extra-visible=false onUpdate:sidebarExtraVisible=fn content-compact="wide"  ... > 
  at <BasicLayout onClearPreferencesAndLogout=fn<handleLogout> > 
  at <Basic onVnodeUnmounted=fn<onVnodeUnmounted> ref=Ref< Proxy(Object) > > 
  at <RouterView> 
  at <AApp> 
  at <Anonymous value= {hashed: true, components: Object, theme: Theme, token: Object} > 
  at <ALocaleProvider locale= {locale: zh-cn, Pagination: Object, DatePicker: Object, TimePicker: Object, Calendar: Object} ANT_MARK__="internalMark" > 
  at <LocaleReceiver children=fn<children> > 
  at <AConfigProvider locale= {locale: zh-cn, Pagination: Object, DatePicker: Object, TimePicker: Object, Calendar: Object} theme= {algorithm: Array(1), token: Proxy(Object)} > 
  at <App> @ http://localhost:5667/@vite/client:509
[ 2029858ms] [WARNING] [Vue warn]: Failed to resolve component: a-button
If this is a native custom element, make sure to exclude it from component resolution via compilerOptions.isCustomElement. 
  at <DashboardPage onVnodeUnmounted=fn<onVnodeUnmounted> ref=Ref< null > key="/dashboard" > 
  at <KeepAlive key=0 exclude= [] include= [] > 
  at <BaseTransition mode="out-in" appear=true persisted=false  ... > 
  at <Transition key=1 name="fade-slide" appear=""  ... > 
  at <RouterView> 
  at <LayoutContent> 
  at <LayoutContent id="__vben_main_content" content-compact="wide" content-compact-width=1200  ... > 
  at <VbenLayout sidebar-extra-visible=false onUpdate:sidebarExtraVisible=fn content-compact="wide"  ... > 
  at <BasicLayout onClearPreferencesAndLogout=fn<handleLogout> > 
  at <Basic onVnodeUnmounted=fn<onVnodeUnmounted> ref=Ref< Proxy(Object) > > 
  at <RouterView> 
  at <AApp> 
  at <Anonymous value= {hashed: true, components: Object, theme: Theme, token: Object} > 
  at <ALocaleProvider locale= {locale: zh-cn, Pagination: Object, DatePicker: Object, TimePicker: Object, Calendar: Object} ANT_MARK__="internalMark" > 
  at <LocaleReceiver children=fn<children> > 
  at <AConfigProvider locale= {locale: zh-cn, Pagination: Object, DatePicker: Object, TimePicker: Object, Calendar: Object} theme= {algorithm: Array(1), token: Proxy(Object)} > 
  at <App> @ http://localhost:5667/@vite/client:509
[ 2039968ms] [WARNING] [Socket] 已连接或正在连接中 @ http://localhost:5667/@vite/client:509
[ 2571024ms] [WARNING] [Socket] 已连接或正在连接中 @ http://localhost:5667/@vite/client:509
[ 2587908ms] [WARNING] [Socket] 已连接或正在连接中 @ http://localhost:5667/@vite/client:509
[ 2595479ms] [WARNING] [Socket] 已连接或正在连接中 @ http://localhost:5667/@vite/client:509
