[  111098ms] [WARNING] [Vue Router warn]: uncaught error during route navigation: @ http://localhost:5667/@vite/client:509
[  111098ms] [ERROR] SyntaxError: The requested module '/src/composables/index.ts' does not provide an export named 'withErrorHandling' @ http://localhost:5667/@vite/client:509
[  111102ms] [WARNING] [Vue warn]: Unhandled error during execution of component event handler 
  at <AuthenticationLogin form-schema= [Object, Object, Object, Object] loading=false onSubmit=fn  ... > 
  at <Login onVnodeUnmounted=fn<onVnodeUnmounted> ref=Ref< Proxy(Object) > key="/auth/login"  ... > 
  at <KeepAlive include= [Login] > 
  at <BaseTransition mode="out-in" appear=true persisted=false  ... > 
  at <Transition appear="" mode="out-in" name="slide-right" > 
  at <RouterView> 
  at <AuthenticationFormView key=4 class="min-h-full w-2/5 flex-1" data-side="right" > 
  at <Authentication app-name="Vben Admin Antd" logo="https://unpkg.com/@vbenjs/static-source@0.1.7/source/logo-v1.webp" logo-dark=undefined  ... > 
  at <Auth onVnodeUnmounted=fn<onVnodeUnmounted> ref=Ref< Proxy(Object) > > 
  at <RouterView> 
  at <AApp> 
  at <Anonymous value= {hashed: true, components: Object, theme: Theme, token: Object} > 
  at <ALocaleProvider locale= {locale: zh-cn, Pagination: Object, DatePicker: Object, TimePicker: Object, Calendar: Object} ANT_MARK__="internalMark" > 
  at <LocaleReceiver children=fn<children> > 
  at <AConfigProvider locale= {locale: zh-cn, Pagination: Object, DatePicker: Object, TimePicker: Object, Calendar: Object} theme= {algorithm: Array(1), token: Proxy(Object)} > 
  at <App> @ http://localhost:5667/@vite/client:509
[  111108ms] The requested module '/src/composables/index.ts' does not provide an export named 'withErrorHandling'
