[    1158ms] [WARNING] [Vue warn]: Failed to resolve component: a-button
If this is a native custom element, make sure to exclude it from component resolution via compilerOptions.isCustomElement. 
  at <DashboardPage onVnodeUnmounted=fn<onVnodeUnmounted> ref=Ref< undefined > key="/dashboard" > 
  at <KeepAlive key=0 exclude= [] include= [] > 
  at <BaseTransition mode="out-in" appear=true persisted=false  ... > 
  at <Transition key=1 name="fade-slide" appear=""  ... > 
  at <RouterView> 
  at <LayoutContent> 
  at <LayoutContent id="__vben_main_content" content-compact="wide" content-compact-width=1200  ... > 
  at <VbenLayout sidebar-extra-visible=false onUpdate:sidebarExtraVisible=fn content-compact="wide"  ... > 
  at <BasicLayout onClearPreferencesAndLogout=fn<handleLogout> > 
  at <Basic onVnodeUnmounted=fn<onVnodeUnmounted> ref=Ref< undefined > > 
  at <RouterView> 
  at <AApp> 
  at <Anonymous value= {hashed: true, components: Object, theme: Theme, token: Object} > 
  at <ALocaleProvider locale= {locale: zh-cn, Pagination: Object, DatePicker: Object, TimePicker: Object, Calendar: Object} ANT_MARK__="internalMark" > 
  at <LocaleReceiver children=fn<children> > 
  at <AConfigProvider locale= {locale: zh-cn, Pagination: Object, DatePicker: Object, TimePicker: Object, Calendar: Object} theme= {algorithm: Array(1), token: Proxy(Object)} > 
  at <App> @ http://localhost:5669/@vite/client:509
[   25458ms] [WARNING] [Vue warn]: Failed to resolve component: Menu
If this is a native custom element, make sure to exclude it from component resolution via compilerOptions.isCustomElement. 
  at <TasksPage onVnodeUnmounted=fn<onVnodeUnmounted> ref=Ref< null > key="/tasks" > 
  at <KeepAlive key=0 exclude= [] include= [] > 
  at <BaseTransition mode="out-in" appear=true persisted=false  ... > 
  at <Transition key=1 name="fade-slide" appear=""  ... > 
  at <RouterView> 
  at <LayoutContent> 
  at <LayoutContent id="__vben_main_content" content-compact="wide" content-compact-width=1200  ... > 
  at <VbenLayout sidebar-extra-visible=false onUpdate:sidebarExtraVisible=fn content-compact="wide"  ... > 
  at <BasicLayout onClearPreferencesAndLogout=fn<handleLogout> > 
  at <Basic onVnodeUnmounted=fn<onVnodeUnmounted> ref=Ref< Proxy(Object) > > 
  at <RouterView> 
  at <AApp> 
  at <Anonymous value= {hashed: true, components: Object, theme: Theme, token: Object} > 
  at <ALocaleProvider locale= {locale: zh-cn, Pagination: Object, DatePicker: Object, TimePicker: Object, Calendar: Object} ANT_MARK__="internalMark" > 
  at <LocaleReceiver children=fn<children> > 
  at <AConfigProvider locale= {locale: zh-cn, Pagination: Object, DatePicker: Object, TimePicker: Object, Calendar: Object} theme= {algorithm: Array(1), token: Proxy(Object)} > 
  at <App> @ http://localhost:5669/@vite/client:509
[  174106ms] [WARNING] [Vue warn]: Unhandled error during execution of unmounted hook 
  at <SettingsPage onVnodeUnmounted=fn<onVnodeUnmounted> ref=Ref< null > key="/settings" > 
  at <KeepAlive key=0 exclude= [] include= [] > 
  at <BaseTransition mode="out-in" appear=true persisted=false  ... > 
  at <Transition key=1 name="fade-slide" appear=""  ... > 
  at <RouterView> 
  at <LayoutContent> 
  at <LayoutContent id="__vben_main_content" content-compact="wide" content-compact-width=1200  ... > 
  at <VbenLayout sidebar-extra-visible=false onUpdate:sidebarExtraVisible=fn content-compact="wide"  ... > 
  at <BasicLayout onClearPreferencesAndLogout=fn<handleLogout> > 
  at <Basic onVnodeUnmounted=fn<onVnodeUnmounted> ref=Ref< Proxy(Object) > > 
  at <RouterView> 
  at <AApp> 
  at <Anonymous value= {hashed: true, components: Object, theme: Theme, token: Object} > 
  at <ALocaleProvider locale= {locale: zh-cn, Pagination: Object, DatePicker: Object, TimePicker: Object, Calendar: Object} ANT_MARK__="internalMark" > 
  at <LocaleReceiver children=fn<children> > 
  at <AConfigProvider locale= {locale: zh-cn, Pagination: Object, DatePicker: Object, TimePicker: Object, Calendar: Object} theme= {algorithm: Array(1), token: Proxy(Object)} > 
  at <App> @ http://localhost:5669/@vite/client:509
[  174110ms] [WARNING] [Vue warn]: Unhandled error during execution of watcher callback 
  at <Presence present=false class="flex h-full w-full items-center justify-center text-current" > 
  at <CheckboxIndicator class="flex h-full w-full items-center justify-center text-current" > 
  at <Primitive class="peer border-border hover:border-primary focus-visible:ring-ring data-[state=checked]:bg-primary data-[state=checked]:text-primary-foreground h-4 w-4 shrink-0 rounded-sm border transition focus-visible:ring-1 focus-visible:outline-hidden disabled:cursor-not-allowed disabled:opacity-50" id="v-26" ref=fn<forwardRef>  ... > 
  at <CheckboxRoot modelValue=false name="rememberMe" id="v-26"  ... > 
  at <Checkbox modelValue=false name="rememberMe" onUpdate:modelValue= [, ]  ... > 
  at <Checkbox key=0 modelValue=false onUpdate:modelValue=fn  ... > 
  at <AuthenticationLogin form-schema= [Object, Object, Object] loading=false onSubmit=fn  ... > 
  at <Login onVnodeUnmounted=fn<onVnodeUnmounted> ref=Ref< Proxy(Object) > key="/auth/login"  ... > 
  at <KeepAlive include= [Login] > 
  at <BaseTransition mode="out-in" appear=true persisted=false  ... > 
  at <Transition appear="" mode="out-in" name="slide-right" > 
  at <RouterView> 
  at <AuthenticationFormView key=4 class="min-h-full w-2/5 flex-1" data-side="right" > 
  at <Authentication app-name="Vben Admin Antd" logo="https://unpkg.com/@vbenjs/static-source@0.1.7/source/logo-v1.webp" logo-dark=undefined  ... > 
  at <Auth onVnodeUnmounted=fn<onVnodeUnmounted> ref=Ref< Proxy(Object) > > 
  at <RouterView> 
  at <AApp> 
  at <Anonymous value= {hashed: true, components: Object, theme: Theme, token: Object} > 
  at <ALocaleProvider locale= {locale: zh-cn, Pagination: Object, DatePicker: Object, TimePicker: Object, Calendar: Object} ANT_MARK__="internalMark" > 
  at <LocaleReceiver children=fn<children> > 
  at <AConfigProvider locale= {locale: zh-cn, Pagination: Object, DatePicker: Object, TimePicker: Object, Calendar: Object} theme= {algorithm: Array(1), token: Proxy(Object)} > 
  at <App> @ http://localhost:5669/@vite/client:509
[  174112ms] [WARNING] [Vue Router warn]: uncaught error during route navigation: @ http://localhost:5669/@vite/client:509
[  174112ms] [ERROR] TypeError: settingsStore.disconnectSocket is not a function
    at http://localhost:5669/src/views/settings/index.vue:109:18
    at http://localhost:5669/node_modules/.vite/deps/runtime-dom.esm-bundler-BzyUT97G.js?v=fdb78823:6408:88
    at callWithErrorHandling (http://localhost:5669/node_modules/.vite/deps/runtime-dom.esm-bundler-BzyUT97G.js?v=fdb78823:1571:17)
    at callWithAsyncErrorHandling (http://localhost:5669/node_modules/.vite/deps/runtime-dom.esm-bundler-BzyUT97G.js?v=fdb78823:1578:15)
    at hook.__weh.hook.__weh (http://localhost:5669/node_modules/.vite/deps/runtime-dom.esm-bundler-BzyUT97G.js?v=fdb78823:2978:16)
    at flushPostFlushCbs (http://localhost:5669/node_modules/.vite/deps/runtime-dom.esm-bundler-BzyUT97G.js?v=fdb78823:1695:25)
    at flushJobs (http://localhost:5669/node_modules/.vite/deps/runtime-dom.esm-bundler-BzyUT97G.js?v=fdb78823:1722:3) @ http://localhost:5669/@vite/client:509
[  174123ms] TypeError: settingsStore.disconnectSocket is not a function
    at http://localhost:5669/src/views/settings/index.vue:109:18
    at http://localhost:5669/node_modules/.vite/deps/runtime-dom.esm-bundler-BzyUT97G.js?v=fdb78823:6408:88
    at callWithErrorHandling (http://localhost:5669/node_modules/.vite/deps/runtime-dom.esm-bundler-BzyUT97G.js?v=fdb78823:1571:17)
    at callWithAsyncErrorHandling (http://localhost:5669/node_modules/.vite/deps/runtime-dom.esm-bundler-BzyUT97G.js?v=fdb78823:1578:15)
    at hook.__weh.hook.__weh (http://localhost:5669/node_modules/.vite/deps/runtime-dom.esm-bundler-BzyUT97G.js?v=fdb78823:2978:16)
    at flushPostFlushCbs (http://localhost:5669/node_modules/.vite/deps/runtime-dom.esm-bundler-BzyUT97G.js?v=fdb78823:1695:25)
    at flushJobs (http://localhost:5669/node_modules/.vite/deps/runtime-dom.esm-bundler-BzyUT97G.js?v=fdb78823:1722:3)
[  174124ms] TypeError: settingsStore.disconnectSocket is not a function
    at http://localhost:5669/src/views/settings/index.vue:109:18
    at http://localhost:5669/node_modules/.vite/deps/runtime-dom.esm-bundler-BzyUT97G.js?v=fdb78823:6408:88
    at callWithErrorHandling (http://localhost:5669/node_modules/.vite/deps/runtime-dom.esm-bundler-BzyUT97G.js?v=fdb78823:1571:17)
    at callWithAsyncErrorHandling (http://localhost:5669/node_modules/.vite/deps/runtime-dom.esm-bundler-BzyUT97G.js?v=fdb78823:1578:15)
    at hook.__weh.hook.__weh (http://localhost:5669/node_modules/.vite/deps/runtime-dom.esm-bundler-BzyUT97G.js?v=fdb78823:2978:16)
    at flushPostFlushCbs (http://localhost:5669/node_modules/.vite/deps/runtime-dom.esm-bundler-BzyUT97G.js?v=fdb78823:1695:25)
    at flushJobs (http://localhost:5669/node_modules/.vite/deps/runtime-dom.esm-bundler-BzyUT97G.js?v=fdb78823:1722:3)
[  174125ms] TypeError: settingsStore.disconnectSocket is not a function
    at http://localhost:5669/src/views/settings/index.vue:109:18
    at http://localhost:5669/node_modules/.vite/deps/runtime-dom.esm-bundler-BzyUT97G.js?v=fdb78823:6408:88
    at callWithErrorHandling (http://localhost:5669/node_modules/.vite/deps/runtime-dom.esm-bundler-BzyUT97G.js?v=fdb78823:1571:17)
    at callWithAsyncErrorHandling (http://localhost:5669/node_modules/.vite/deps/runtime-dom.esm-bundler-BzyUT97G.js?v=fdb78823:1578:15)
    at hook.__weh.hook.__weh (http://localhost:5669/node_modules/.vite/deps/runtime-dom.esm-bundler-BzyUT97G.js?v=fdb78823:2978:16)
    at flushPostFlushCbs (http://localhost:5669/node_modules/.vite/deps/runtime-dom.esm-bundler-BzyUT97G.js?v=fdb78823:1695:25)
    at flushJobs (http://localhost:5669/node_modules/.vite/deps/runtime-dom.esm-bundler-BzyUT97G.js?v=fdb78823:1722:3)
[  174126ms] TypeError: settingsStore.disconnectSocket is not a function
    at http://localhost:5669/src/views/settings/index.vue:109:18
    at http://localhost:5669/node_modules/.vite/deps/runtime-dom.esm-bundler-BzyUT97G.js?v=fdb78823:6408:88
    at callWithErrorHandling (http://localhost:5669/node_modules/.vite/deps/runtime-dom.esm-bundler-BzyUT97G.js?v=fdb78823:1571:17)
    at callWithAsyncErrorHandling (http://localhost:5669/node_modules/.vite/deps/runtime-dom.esm-bundler-BzyUT97G.js?v=fdb78823:1578:15)
    at hook.__weh.hook.__weh (http://localhost:5669/node_modules/.vite/deps/runtime-dom.esm-bundler-BzyUT97G.js?v=fdb78823:2978:16)
    at flushPostFlushCbs (http://localhost:5669/node_modules/.vite/deps/runtime-dom.esm-bundler-BzyUT97G.js?v=fdb78823:1695:25)
    at flushJobs (http://localhost:5669/node_modules/.vite/deps/runtime-dom.esm-bundler-BzyUT97G.js?v=fdb78823:1722:3)
[  174127ms] TypeError: settingsStore.disconnectSocket is not a function
    at http://localhost:5669/src/views/settings/index.vue:109:18
    at http://localhost:5669/node_modules/.vite/deps/runtime-dom.esm-bundler-BzyUT97G.js?v=fdb78823:6408:88
    at callWithErrorHandling (http://localhost:5669/node_modules/.vite/deps/runtime-dom.esm-bundler-BzyUT97G.js?v=fdb78823:1571:17)
    at callWithAsyncErrorHandling (http://localhost:5669/node_modules/.vite/deps/runtime-dom.esm-bundler-BzyUT97G.js?v=fdb78823:1578:15)
    at hook.__weh.hook.__weh (http://localhost:5669/node_modules/.vite/deps/runtime-dom.esm-bundler-BzyUT97G.js?v=fdb78823:2978:16)
    at flushPostFlushCbs (http://localhost:5669/node_modules/.vite/deps/runtime-dom.esm-bundler-BzyUT97G.js?v=fdb78823:1695:25)
    at flushJobs (http://localhost:5669/node_modules/.vite/deps/runtime-dom.esm-bundler-BzyUT97G.js?v=fdb78823:1722:3)
[  174153ms] TypeError: settingsStore.disconnectSocket is not a function
    at http://localhost:5669/src/views/settings/index.vue:109:18
    at http://localhost:5669/node_modules/.vite/deps/runtime-dom.esm-bundler-BzyUT97G.js?v=fdb78823:6408:88
    at callWithErrorHandling (http://localhost:5669/node_modules/.vite/deps/runtime-dom.esm-bundler-BzyUT97G.js?v=fdb78823:1571:17)
    at callWithAsyncErrorHandling (http://localhost:5669/node_modules/.vite/deps/runtime-dom.esm-bundler-BzyUT97G.js?v=fdb78823:1578:15)
    at hook.__weh.hook.__weh (http://localhost:5669/node_modules/.vite/deps/runtime-dom.esm-bundler-BzyUT97G.js?v=fdb78823:2978:16)
    at flushPostFlushCbs (http://localhost:5669/node_modules/.vite/deps/runtime-dom.esm-bundler-BzyUT97G.js?v=fdb78823:1695:25)
    at flushJobs (http://localhost:5669/node_modules/.vite/deps/runtime-dom.esm-bundler-BzyUT97G.js?v=fdb78823:1722:3)
