[       4ms] [ERROR] Failed to load resource: the server responded with a status of 401 (Unauthorized) @ http://localhost:5668/api/auth/logout:0
[       5ms] [WARNING] Access token or refresh token is invalid or expired.  @ http://localhost:5668/@vite/client:509
[      20ms] [ERROR] Failed to load resource: the server responded with a status of 401 (Unauthorized) @ http://localhost:5668/api/auth/logout:0
[      21ms] [WARNING] Access token or refresh token is invalid or expired.  @ http://localhost:5668/@vite/client:509
[      51ms] [ERROR] Failed to load resource: the server responded with a status of 401 (Unauthorized) @ http://localhost:5668/api/auth/logout:0
[      52ms] [WARNING] Access token or refresh token is invalid or expired.  @ http://localhost:5668/@vite/client:509
[   93514ms] [WARNING] [Vue warn]: Failed to resolve component: a-button
If this is a native custom element, make sure to exclude it from component resolution via compilerOptions.isCustomElement. 
  at <DashboardPage onVnodeUnmounted=fn<onVnodeUnmounted> ref=Ref< undefined > key="/dashboard" > 
  at <KeepAlive key=0 exclude= [] include= [] > 
  at <BaseTransition mode="out-in" appear=true persisted=false  ... > 
  at <Transition key=1 name="fade-slide" appear=""  ... > 
  at <RouterView> 
  at <LayoutContent> 
  at <LayoutContent id="__vben_main_content" content-compact="wide" content-compact-width=1200  ... > 
  at <VbenLayout sidebar-extra-visible=false onUpdate:sidebarExtraVisible=fn content-compact="wide"  ... > 
  at <BasicLayout onClearPreferencesAndLogout=fn<handleLogout> > 
  at <Basic onVnodeUnmounted=fn<onVnodeUnmounted> ref=Ref< null > > 
  at <RouterView> 
  at <AApp> 
  at <Anonymous value= {hashed: true, components: Object, theme: Theme, token: Object} > 
  at <ALocaleProvider locale= {locale: zh-cn, Pagination: Object, DatePicker: Object, TimePicker: Object, Calendar: Object} ANT_MARK__="internalMark" > 
  at <LocaleReceiver children=fn<children> > 
  at <AConfigProvider locale= {locale: zh-cn, Pagination: Object, DatePicker: Object, TimePicker: Object, Calendar: Object} theme= {algorithm: Array(1), token: Proxy(Object)} > 
  at <App> @ http://localhost:5668/@vite/client:509
[  103911ms] [WARNING] [Socket] 已连接或正在连接中 @ http://localhost:5668/@vite/client:509
[  250559ms] [WARNING] [Vue warn]: Failed to resolve component: a-button
If this is a native custom element, make sure to exclude it from component resolution via compilerOptions.isCustomElement. 
  at <DashboardPage onVnodeUnmounted=fn<onVnodeUnmounted> ref=Ref< null > key="/dashboard" > 
  at <KeepAlive key=0 exclude= [] include= [] > 
  at <BaseTransition mode="out-in" appear=true persisted=false  ... > 
  at <Transition key=1 name="fade-slide" appear=""  ... > 
  at <RouterView> 
  at <LayoutContent> 
  at <LayoutContent id="__vben_main_content" content-compact="wide" content-compact-width=1200  ... > 
  at <VbenLayout sidebar-extra-visible=false onUpdate:sidebarExtraVisible=fn content-compact="wide"  ... > 
  at <BasicLayout onClearPreferencesAndLogout=fn<handleLogout> > 
  at <Basic onVnodeUnmounted=fn<onVnodeUnmounted> ref=Ref< Proxy(Object) > > 
  at <RouterView> 
  at <AApp> 
  at <Anonymous value= {hashed: true, components: Object, theme: Theme, token: Object} > 
  at <ALocaleProvider locale= {locale: zh-cn, Pagination: Object, DatePicker: Object, TimePicker: Object, Calendar: Object} ANT_MARK__="internalMark" > 
  at <LocaleReceiver children=fn<children> > 
  at <AConfigProvider locale= {locale: zh-cn, Pagination: Object, DatePicker: Object, TimePicker: Object, Calendar: Object} theme= {algorithm: Array(1), token: Proxy(Object)} > 
  at <App> @ http://localhost:5668/@vite/client:509
[  266242ms] [WARNING] [Socket] 已连接或正在连接中 @ http://localhost:5668/@vite/client:509
[  285947ms] [WARNING] [Socket] 已连接或正在连接中 @ http://localhost:5668/@vite/client:509
[  316533ms] [WARNING] [Socket] 已连接或正在连接中 @ http://localhost:5668/@vite/client:509
[  338998ms] [WARNING] [Vue warn]: Failed to resolve component: a-button
If this is a native custom element, make sure to exclude it from component resolution via compilerOptions.isCustomElement. 
  at <DashboardPage onVnodeUnmounted=fn<onVnodeUnmounted> ref=Ref< null > key="/dashboard" > 
  at <KeepAlive key=0 exclude= [] include= [] > 
  at <BaseTransition mode="out-in" appear=true persisted=false  ... > 
  at <Transition key=1 name="fade-slide" appear=""  ... > 
  at <RouterView> 
  at <LayoutContent> 
  at <LayoutContent id="__vben_main_content" content-compact="wide" content-compact-width=1200  ... > 
  at <VbenLayout sidebar-extra-visible=false onUpdate:sidebarExtraVisible=fn content-compact="wide"  ... > 
  at <BasicLayout onClearPreferencesAndLogout=fn<handleLogout> > 
  at <Basic onVnodeUnmounted=fn<onVnodeUnmounted> ref=Ref< Proxy(Object) > > 
  at <RouterView> 
  at <AApp> 
  at <Anonymous value= {hashed: true, components: Object, theme: Theme, token: Object} > 
  at <ALocaleProvider locale= {locale: zh-cn, Pagination: Object, DatePicker: Object, TimePicker: Object, Calendar: Object} ANT_MARK__="internalMark" > 
  at <LocaleReceiver children=fn<children> > 
  at <AConfigProvider locale= {locale: zh-cn, Pagination: Object, DatePicker: Object, TimePicker: Object, Calendar: Object} theme= {algorithm: Array(1), token: Proxy(Object)} > 
  at <App> @ http://localhost:5668/@vite/client:509
